生成启动时间为 16/9/14 10:52:12。
     1>项目“E:\workspace\activemq-cpp-library-3.9.3\vs2010-build\activemq-cpp-example.vcxproj”在节点 2 上(rebuild 个目标)。
     1>_PrepareForClean:
         正在删除文件“E:\workspace\activemq-cpp-library-3.9.3\vs2010-build\\Win32\Debug\activemq-cpp-example\activemq-cpp-example.lastbuildstate”。
       InitializeBuildStatus:
         正在对“E:\workspace\activemq-cpp-library-3.9.3\vs2010-build\\Win32\Debug\activemq-cpp-example\activemq-cpp-example.unsuccessfulbuild”执行 Touch 任务。
       ClCompile:
         C:\Program Files (x86)\Microsoft Visual Studio 10.0\VC\bin\CL.exe /c /I"E:\workspace\activemq-cpp-library-3.9.3\vs2010-build\Win32" /I"E:\workspace\activemq-cpp-library-3.9.3\apr-util-1.5.2\include" /I"E:\workspace\activemq-cpp-library-3.9.3\apr-1.4.6\include" /I..\src\examples /I..\src\main /I\Win32\include /I\Win32\include /I\include /ZI /nologo /W3 /WX- /Od /Oy- /D WIN32 /D WIN32_LEAN_AND_MEAN /D _DEBUG /D _CONSOLE /D _CRT_SECURE_NO_DEPRECATE /D NOMINMAX /D HAVE_WINSOCK2_H /Gm /EHsc /RTC1 /MDd /GS /fp:precise /Zc:wchar_t /Zc:forScope /GR /Fo"E:\workspace\activemq-cpp-library-3.9.3\vs2010-build\\Win32\Debug\activemq-cpp-example\\" /Fd"E:\workspace\activemq-cpp-library-3.9.3\vs2010-build\\Win32\Debug\activemq-cpp-example\vc100.pdb" /Gd /TP /analyze- /errorReport:prompt ..\src\examples\main.cpp
         main.cpp
       ManifestResourceCompile:
         C:\Program Files (x86)\Microsoft SDKs\Windows\v7.0A\bin\rc.exe /nologo /fo"E:\workspace\activemq-cpp-library-3.9.3\vs2010-build\\Win32\Debug\activemq-cpp-example\activemq-cpp-example.exe.embed.manifest.res" E:\workspace\activemq-cpp-library-3.9.3\vs2010-build\\Win32\Debug\activemq-cpp-example\activemq-cpp-example_manifest.rc 
       Link:
         C:\Program Files (x86)\Microsoft Visual Studio 10.0\VC\bin\link.exe /ERRORREPORT:PROMPT /OUT:"E:\workspace\activemq-cpp-library-3.9.3\vs2010-build\\Win32\Debug\activemq-cpp-example.exe" /VERBOSE:Lib /INCREMENTAL /NOLOGO /LIBPATH:\Win32\lib /LIBPATH:\Win32\bin /LIBPATH:\Win32\lib /LIBPATH:\lib ws2_32.lib kernel32.lib user32.lib gdi32.lib winspool.lib comdlg32.lib advapi32.lib shell32.lib ole32.lib oleaut32.lib uuid.lib odbc32.lib odbccp32.lib /MANIFEST /ManifestFile:"E:\workspace\activemq-cpp-library-3.9.3\vs2010-build\\Win32\Debug\activemq-cpp-example\activemq-cpp-example.exe.intermediate.manifest" /MANIFESTUAC:"level='asInvoker' uiAccess='false'" /DEBUG /PDB:"E:\workspace\activemq-cpp-library-3.9.3\vs2010-build\Win32\Debug\activemq-cpp-example.pdb" /SUBSYSTEM:CONSOLE /TLBID:1 /DYNAMICBASE /NXCOMPAT /IMPLIB:"E:\workspace\activemq-cpp-library-3.9.3\vs2010-build\\Win32\Debug\activemq-cpp-example.lib" /MACHINE:X86 "E:\workspace\activemq-cpp-library-3.9.3\vs2010-build\\Win32\Debug\activemq-cpp-example\activemq-cpp-example.exe.embed.manifest.res"
         "E:\workspace\activemq-cpp-library-3.9.3\vs2010-build\\Win32\Debug\activemq-cpp-example\main.obj"
         "E:\workspace\activemq-cpp-library-3.9.3\vs2010-build\Win32\Debug\libactivemq-cpp.lib"
         
         正在搜索库
             正在搜索 C:\Program Files (x86)\Microsoft SDKs\Windows\v7.0A\lib\ws2_32.lib:
             正在搜索 C:\Program Files (x86)\Microsoft SDKs\Windows\v7.0A\lib\kernel32.lib:
             正在搜索 C:\Program Files (x86)\Microsoft SDKs\Windows\v7.0A\lib\user32.lib:
             正在搜索 C:\Program Files (x86)\Microsoft SDKs\Windows\v7.0A\lib\gdi32.lib:
             正在搜索 C:\Program Files (x86)\Microsoft SDKs\Windows\v7.0A\lib\winspool.lib:
             正在搜索 C:\Program Files (x86)\Microsoft SDKs\Windows\v7.0A\lib\comdlg32.lib:
             正在搜索 C:\Program Files (x86)\Microsoft SDKs\Windows\v7.0A\lib\advapi32.lib:
             正在搜索 C:\Program Files (x86)\Microsoft SDKs\Windows\v7.0A\lib\shell32.lib:
             正在搜索 C:\Program Files (x86)\Microsoft SDKs\Windows\v7.0A\lib\ole32.lib:
             正在搜索 C:\Program Files (x86)\Microsoft SDKs\Windows\v7.0A\lib\oleaut32.lib:
             正在搜索 C:\Program Files (x86)\Microsoft SDKs\Windows\v7.0A\lib\uuid.lib:
             正在搜索 C:\Program Files (x86)\Microsoft SDKs\Windows\v7.0A\lib\odbc32.lib:
             正在搜索 C:\Program Files (x86)\Microsoft SDKs\Windows\v7.0A\lib\odbccp32.lib:
             正在搜索 E:\workspace\activemq-cpp-library-3.9.3\vs2010-build\Win32\Debug\libactivemq-cpp.lib:
             正在搜索 C:\Program Files (x86)\Microsoft Visual Studio 10.0\VC\lib\msvcprtd.lib:
             正在搜索 C:\Program Files (x86)\Microsoft Visual Studio 10.0\VC\lib\MSVCRTD.lib:
             正在搜索 C:\Program Files (x86)\Microsoft Visual Studio 10.0\VC\lib\OLDNAMES.lib:
             正在搜索 C:\Program Files (x86)\Microsoft SDKs\Windows\v7.0A\lib\ws2_32.lib:
             正在搜索 C:\Program Files (x86)\Microsoft SDKs\Windows\v7.0A\lib\kernel32.lib:
             正在搜索 C:\Program Files (x86)\Microsoft SDKs\Windows\v7.0A\lib\user32.lib:
             正在搜索 C:\Program Files (x86)\Microsoft SDKs\Windows\v7.0A\lib\gdi32.lib:
             正在搜索 C:\Program Files (x86)\Microsoft SDKs\Windows\v7.0A\lib\winspool.lib:
             正在搜索 C:\Program Files (x86)\Microsoft SDKs\Windows\v7.0A\lib\comdlg32.lib:
             正在搜索 C:\Program Files (x86)\Microsoft SDKs\Windows\v7.0A\lib\advapi32.lib:
             正在搜索 C:\Program Files (x86)\Microsoft SDKs\Windows\v7.0A\lib\shell32.lib:
             正在搜索 C:\Program Files (x86)\Microsoft SDKs\Windows\v7.0A\lib\ole32.lib:
             正在搜索 C:\Program Files (x86)\Microsoft SDKs\Windows\v7.0A\lib\oleaut32.lib:
             正在搜索 C:\Program Files (x86)\Microsoft SDKs\Windows\v7.0A\lib\uuid.lib:
             正在搜索 C:\Program Files (x86)\Microsoft SDKs\Windows\v7.0A\lib\odbc32.lib:
             正在搜索 C:\Program Files (x86)\Microsoft SDKs\Windows\v7.0A\lib\odbccp32.lib:
             正在搜索 E:\workspace\activemq-cpp-library-3.9.3\vs2010-build\Win32\Debug\libactivemq-cpp.lib:
             正在搜索 C:\Program Files (x86)\Microsoft Visual Studio 10.0\VC\lib\msvcprtd.lib:
             正在搜索 C:\Program Files (x86)\Microsoft Visual Studio 10.0\VC\lib\MSVCRTD.lib:
             正在搜索 C:\Program Files (x86)\Microsoft Visual Studio 10.0\VC\lib\OLDNAMES.lib:
             正在搜索 C:\Program Files (x86)\Microsoft SDKs\Windows\v7.0A\lib\ws2_32.lib:
             正在搜索 C:\Program Files (x86)\Microsoft SDKs\Windows\v7.0A\lib\kernel32.lib:
             正在搜索 C:\Program Files (x86)\Microsoft SDKs\Windows\v7.0A\lib\user32.lib:
             正在搜索 C:\Program Files (x86)\Microsoft SDKs\Windows\v7.0A\lib\gdi32.lib:
             正在搜索 C:\Program Files (x86)\Microsoft SDKs\Windows\v7.0A\lib\winspool.lib:
             正在搜索 C:\Program Files (x86)\Microsoft SDKs\Windows\v7.0A\lib\comdlg32.lib:
         
         已完成库搜索
     1>libactivemq-cpp.lib(System.obj) : error LNK2019: 无法解析的外部符号 _apr_strerror@12，该符号在函数 "public: static void __cdecl decaf::lang::System::unsetenv(class std::basic_string<char,struct std::char_traits<char>,class std::allocator<char> > const &)" (?unsetenv@System@lang@decaf@@SAXABV?$basic_string@DU?$char_traits@D@std@@V?$allocator@D@2@@std@@@Z) 中被引用
     1>libactivemq-cpp.lib(SocketError.obj) : error LNK2001: 无法解析的外部符号 _apr_strerror@12
     1>libactivemq-cpp.lib(System.obj) : error LNK2019: 无法解析的外部符号 _apr_env_delete@8，该符号在函数 "public: static void __cdecl decaf::lang::System::unsetenv(class std::basic_string<char,struct std::char_traits<char>,class std::allocator<char> > const &)" (?unsetenv@System@lang@decaf@@SAXABV?$basic_string@DU?$char_traits@D@std@@V?$allocator@D@2@@std@@@Z) 中被引用
     1>libactivemq-cpp.lib(System.obj) : error LNK2019: 无法解析的外部符号 _apr_env_get@12，该符号在函数 "public: static class std::basic_string<char,struct std::char_traits<char>,class std::allocator<char> > __cdecl decaf::lang::System::getenv(class std::basic_string<char,struct std::char_traits<char>,class std::allocator<char> > const &)" (?getenv@System@lang@decaf@@SA?AV?$basic_string@DU?$char_traits@D@std@@V?$allocator@D@2@@std@@ABV45@@Z) 中被引用
     1>libactivemq-cpp.lib(System.obj) : error LNK2019: 无法解析的外部符号 _apr_env_set@12，该符号在函数 "public: static void __cdecl decaf::lang::System::setenv(class std::basic_string<char,struct std::char_traits<char>,class std::allocator<char> > const &,class std::basic_string<char,struct std::char_traits<char>,class std::allocator<char> > const &)" (?setenv@System@lang@decaf@@SAXABV?$basic_string@DU?$char_traits@D@std@@V?$allocator@D@2@@std@@0@Z) 中被引用
     1>libactivemq-cpp.lib(DecafRuntime.obj) : error LNK2019: 无法解析的外部符号 _apr_pool_create_ex@16，该符号在函数 "public: static void __cdecl decaf::lang::Runtime::initializeRuntime(int,char * *)" (?initializeRuntime@Runtime@lang@decaf@@SAXHPAPAD@Z) 中被引用
     1>libactivemq-cpp.lib(DecafRuntime.obj) : error LNK2019: 无法解析的外部符号 _apr_initialize@0，该符号在函数 "public: static void __cdecl decaf::lang::Runtime::initializeRuntime(int,char * *)" (?initializeRuntime@Runtime@lang@decaf@@SAXHPAPAD@Z) 中被引用
     1>libactivemq-cpp.lib(DecafRuntime.obj) : error LNK2019: 无法解析的外部符号 _apr_terminate，该符号在函数 "public: static void __cdecl decaf::lang::Runtime::shutdownRuntime(void)" (?shutdownRuntime@Runtime@lang@decaf@@SAXXZ) 中被引用
     1>libactivemq-cpp.lib(DecafRuntime.obj) : error LNK2019: 无法解析的外部符号 _apr_pool_destroy@4，该符号在函数 "public: static void __cdecl decaf::lang::Runtime::shutdownRuntime(void)" (?shutdownRuntime@Runtime@lang@decaf@@SAXXZ) 中被引用
     1>libactivemq-cpp.lib(AprPool.obj) : error LNK2001: 无法解析的外部符号 _apr_pool_destroy@4
     1>libactivemq-cpp.lib(Exception.obj) : error LNK2019: 无法解析的外部符号 _apr_pvsprintf@12，该符号在函数 "protected: virtual void __thiscall decaf::lang::Exception::buildMessage(char const *,char * &)" (?buildMessage@Exception@lang@decaf@@MAEXPBDAAPAD@Z) 中被引用
     1>libactivemq-cpp.lib(AprPool.obj) : error LNK2019: 无法解析的外部符号 _apr_pool_create_unmanaged_ex@12，该符号在函数 "private: void __thiscall decaf::internal::AprPool::allocatePool(void)const " (?allocatePool@AprPool@internal@decaf@@ABEXXZ) 中被引用
     1>libactivemq-cpp.lib(AprPool.obj) : error LNK2019: 无法解析的外部符号 _apr_pool_clear@4，该符号在函数 "public: void __thiscall decaf::internal::AprPool::cleanup(void)" (?cleanup@AprPool@internal@decaf@@QAEXXZ) 中被引用
     1>libactivemq-cpp.lib(InetAddress.obj) : error LNK2019: 无法解析的外部符号 _apr_sockaddr_info_get@24，该符号在函数 __catch$?getLocalHost@InetAddress@net@decaf@@SA?AV123@XZ$0 中被引用
     1>libactivemq-cpp.lib(TcpSocket.obj) : error LNK2001: 无法解析的外部符号 _apr_sockaddr_info_get@24
     1>libactivemq-cpp.lib(InetAddress.obj) : error LNK2019: 无法解析的外部符号 _apr_gethostname@12，该符号在函数 "public: static class decaf::net::InetAddress __cdecl decaf::net::InetAddress::getLocalHost(void)" (?getLocalHost@InetAddress@net@decaf@@SA?AV123@XZ) 中被引用
     1>libactivemq-cpp.lib(Date.obj) : error LNK2019: 无法解析的外部符号 _apr_strftime@20，该符号在函数 "public: class std::basic_string<char,struct std::char_traits<char>,class std::allocator<char> > __thiscall decaf::util::Date::toString(void)const " (?toString@Date@util@decaf@@QBE?AV?$basic_string@DU?$char_traits@D@std@@V?$allocator@D@2@@std@@XZ) 中被引用
     1>libactivemq-cpp.lib(Date.obj) : error LNK2019: 无法解析的外部符号 _apr_time_exp_lt@12，该符号在函数 "public: class std::basic_string<char,struct std::char_traits<char>,class std::allocator<char> > __thiscall decaf::util::Date::toString(void)const " (?toString@Date@util@decaf@@QBE?AV?$basic_string@DU?$char_traits@D@std@@V?$allocator@D@2@@std@@XZ) 中被引用
     1>libactivemq-cpp.lib(TcpSocket.obj) : error LNK2019: 无法解析的外部符号 _apr_socket_close@4，该符号在函数 __catch$??1TcpSocket@tcp@net@internal@decaf@@UAE@XZ$0 中被引用
     1>libactivemq-cpp.lib(TcpSocket.obj) : error LNK2019: 无法解析的外部符号 _apr_os_sock_get@8，该符号在函数 "public: virtual void __thiscall decaf::internal::net::tcp::TcpSocket::create(void)" (?create@TcpSocket@tcp@net@internal@decaf@@UAEXXZ) 中被引用
     1>libactivemq-cpp.lib(TcpSocket.obj) : error LNK2019: 无法解析的外部符号 _apr_socket_create@20，该符号在函数 "public: virtual void __thiscall decaf::internal::net::tcp::TcpSocket::create(void)" (?create@TcpSocket@tcp@net@internal@decaf@@UAEXXZ) 中被引用
     1>libactivemq-cpp.lib(TcpSocket.obj) : error LNK2019: 无法解析的外部符号 _apr_socket_accept@12，该符号在函数 "public: virtual void __thiscall decaf::internal::net::tcp::TcpSocket::accept(class decaf::net::SocketImpl *)" (?accept@TcpSocket@tcp@net@internal@decaf@@UAEXPAVSocketImpl@35@@Z) 中被引用
     1>libactivemq-cpp.lib(TcpSocket.obj) : error LNK2019: 无法解析的外部符号 _apr_socket_addr_get@12，该符号在函数 "public: virtual void __thiscall decaf::internal::net::tcp::TcpSocket::bind(class std::basic_string<char,struct std::char_traits<char>,class std::allocator<char> > const &,int)" (?bind@TcpSocket@tcp@net@internal@decaf@@UAEXABV?$basic_string@DU?$char_traits@D@std@@V?$allocator@D@2@@std@@H@Z) 中被引用
     1>libactivemq-cpp.lib(TcpSocket.obj) : error LNK2019: 无法解析的外部符号 _apr_socket_bind@8，该符号在函数 "public: virtual void __thiscall decaf::internal::net::tcp::TcpSocket::bind(class std::basic_string<char,struct std::char_traits<char>,class std::allocator<char> > const &,int)" (?bind@TcpSocket@tcp@net@internal@decaf@@UAEXABV?$basic_string@DU?$char_traits@D@std@@V?$allocator@D@2@@std@@H@Z) 中被引用
     1>libactivemq-cpp.lib(TcpSocket.obj) : error LNK2019: 无法解析的外部符号 _apr_socket_timeout_set@12，该符号在函数 "public: virtual void __thiscall decaf::internal::net::tcp::TcpSocket::bind(class std::basic_string<char,struct std::char_traits<char>,class std::allocator<char> > const &,int)" (?bind@TcpSocket@tcp@net@internal@decaf@@UAEXABV?$basic_string@DU?$char_traits@D@std@@V?$allocator@D@2@@std@@H@Z) 中被引用
     1>libactivemq-cpp.lib(TcpSocket.obj) : error LNK2019: 无法解析的外部符号 _apr_socket_opt_set@12，该符号在函数 "public: virtual void __thiscall decaf::internal::net::tcp::TcpSocket::bind(class std::basic_string<char,struct std::char_traits<char>,class std::allocator<char> > const &,int)" (?bind@TcpSocket@tcp@net@internal@decaf@@UAEXABV?$basic_string@DU?$char_traits@D@std@@V?$allocator@D@2@@std@@H@Z) 中被引用
     1>libactivemq-cpp.lib(TcpSocket.obj) : error LNK2019: 无法解析的外部符号 _apr_socket_connect@8，该符号在函数 "public: virtual void __thiscall decaf::internal::net::tcp::TcpSocket::connect(class std::basic_string<char,struct std::char_traits<char>,class std::allocator<char> > const &,int,int)" (?connect@TcpSocket@tcp@net@internal@decaf@@UAEXABV?$basic_string@DU?$char_traits@D@std@@V?$allocator@D@2@@std@@HH@Z) 中被引用
     1>libactivemq-cpp.lib(TcpSocket.obj) : error LNK2019: 无法解析的外部符号 _apr_socket_timeout_get@8，该符号在函数 "public: virtual void __thiscall decaf::internal::net::tcp::TcpSocket::connect(class std::basic_string<char,struct std::char_traits<char>,class std::allocator<char> > const &,int,int)" (?connect@TcpSocket@tcp@net@internal@decaf@@UAEXABV?$basic_string@DU?$char_traits@D@std@@V?$allocator@D@2@@std@@HH@Z) 中被引用
     1>libactivemq-cpp.lib(TcpSocket.obj) : error LNK2019: 无法解析的外部符号 _apr_socket_opt_get@12，该符号在函数 "public: virtual void __thiscall decaf::internal::net::tcp::TcpSocket::connect(class std::basic_string<char,struct std::char_traits<char>,class std::allocator<char> > const &,int,int)" (?connect@TcpSocket@tcp@net@internal@decaf@@UAEXABV?$basic_string@DU?$char_traits@D@std@@V?$allocator@D@2@@std@@HH@Z) 中被引用
     1>libactivemq-cpp.lib(TcpSocket.obj) : error LNK2019: 无法解析的外部符号 _apr_sockaddr_ip_getbuf@12，该符号在函数 "public: virtual class std::basic_string<char,struct std::char_traits<char>,class std::allocator<char> > __thiscall decaf::internal::net::tcp::TcpSocket::getLocalAddress(void)const " (?getLocalAddress@TcpSocket@tcp@net@internal@decaf@@UBE?AV?$basic_string@DU?$char_traits@D@std@@V?$allocator@D@2@@std@@XZ) 中被引用
     1>libactivemq-cpp.lib(TcpSocket.obj) : error LNK2019: 无法解析的外部符号 _apr_socket_listen@8，该符号在函数 "public: virtual void __thiscall decaf::internal::net::tcp::TcpSocket::listen(int)" (?listen@TcpSocket@tcp@net@internal@decaf@@UAEXH@Z) 中被引用
     1>libactivemq-cpp.lib(TcpSocket.obj) : error LNK2019: 无法解析的外部符号 _apr_socket_shutdown@8，该符号在函数 "public: virtual void __thiscall decaf::internal::net::tcp::TcpSocket::close(void)" (?close@TcpSocket@tcp@net@internal@decaf@@UAEXXZ) 中被引用
     1>libactivemq-cpp.lib(TcpSocket.obj) : error LNK2019: 无法解析的外部符号 _apr_socket_recv@12，该符号在函数 "public: int __thiscall decaf::internal::net::tcp::TcpSocket::read(unsigned char *,int,int,int)" (?read@TcpSocket@tcp@net@internal@decaf@@QAEHPAEHHH@Z) 中被引用
     1>libactivemq-cpp.lib(TcpSocket.obj) : error LNK2019: 无法解析的外部符号 _apr_socket_send@12，该符号在函数 "public: void __thiscall decaf::internal::net::tcp::TcpSocket::write(unsigned char const *,int,int,int)" (?write@TcpSocket@tcp@net@internal@decaf@@QAEXPBEHHH@Z) 中被引用
     1>E:\workspace\activemq-cpp-library-3.9.3\vs2010-build\\Win32\Debug\activemq-cpp-example.exe : fatal error LNK1120: 31 个无法解析的外部命令
     1>已完成生成项目“E:\workspace\activemq-cpp-library-3.9.3\vs2010-build\activemq-cpp-example.vcxproj”(rebuild 个目标)的操作 - 失败。

生成失败。

已用时间 00:00:05.28
