E:\WORKSPACE\ACTIVEMQ-CPP-LIBRARY-3.9.3\VS2010-BUILD\WIN32\DEBUG\ACTIVEMQ-CPP\ABSTRACTCOLLECTION.OBJ
E:\WORKSPACE\ACTIVEMQ-CPP-LIBRARY-3.9.3\VS2010-BUILD\WIN32\DEBUG\ACTIVEMQ-CPP\ABSTRACTEXECUTORSERVICE.OBJ
E:\WORKSPACE\ACTIVEMQ-CPP-LIBRARY-3.9.3\VS2010-BUILD\WIN32\DEBUG\ACTIVEMQ-CPP\ABSTRACTLIST.OBJ
E:\WORKSPACE\ACTIVEMQ-CPP-LIBRARY-3.9.3\VS2010-BUILD\WIN32\DEBUG\ACTIVEMQ-CPP\ABSTRACTMAP.OBJ
E:\WORKSPACE\ACTIVEMQ-CPP-LIBRARY-3.9.3\VS2010-BUILD\WIN32\DEBUG\ACTIVEMQ-CPP\ABSTRACTOWNABLESYNCHRONIZER.OBJ
E:\WORKSPACE\ACTIVEMQ-CPP-LIBRARY-3.9.3\VS2010-BUILD\WIN32\DEBUG\ACTIVEMQ-CPP\ABSTRACTQUEUE.OBJ
E:\WORKSPACE\ACTIVEMQ-CPP-LIBRARY-3.9.3\VS2010-BUILD\WIN32\DEBUG\ACTIVEMQ-CPP\ABSTRACTQUEUEDSYNCHRONIZER.OBJ
E:\WORKSPACE\ACTIVEMQ-CPP-LIBRARY-3.9.3\VS2010-BUILD\WIN32\DEBUG\ACTIVEMQ-CPP\ABSTRACTSEQUENTIALLIST.OBJ
E:\WORKSPACE\ACTIVEMQ-CPP-LIBRARY-3.9.3\VS2010-BUILD\WIN32\DEBUG\ACTIVEMQ-CPP\ABSTRACTSET.OBJ
E:\WORKSPACE\ACTIVEMQ-CPP-LIBRARY-3.9.3\VS2010-BUILD\WIN32\DEBUG\ACTIVEMQ-CPP\ABSTRACTSTRINGBUILDER.OBJ
E:\WORKSPACE\ACTIVEMQ-CPP-LIBRARY-3.9.3\VS2010-BUILD\WIN32\DEBUG\ACTIVEMQ-CPP\ABSTRACTTRANSPORTFACTORY.OBJ
E:\WORKSPACE\ACTIVEMQ-CPP-LIBRARY-3.9.3\VS2010-BUILD\WIN32\DEBUG\ACTIVEMQ-CPP\ACTIVEMQACKHANDLER.OBJ
E:\WORKSPACE\ACTIVEMQ-CPP-LIBRARY-3.9.3\VS2010-BUILD\WIN32\DEBUG\ACTIVEMQ-CPP\ACTIVEMQBLOBMESSAGE.OBJ
E:\WORKSPACE\ACTIVEMQ-CPP-LIBRARY-3.9.3\VS2010-BUILD\WIN32\DEBUG\ACTIVEMQ-CPP\ACTIVEMQBLOBMESSAGEMARSHALLER.OBJ
E:\WORKSPACE\ACTIVEMQ-CPP-LIBRARY-3.9.3\VS2010-BUILD\WIN32\DEBUG\ACTIVEMQ-CPP\ACTIVEMQBYTESMESSAGE.OBJ
E:\WORKSPACE\ACTIVEMQ-CPP-LIBRARY-3.9.3\VS2010-BUILD\WIN32\DEBUG\ACTIVEMQ-CPP\ACTIVEMQBYTESMESSAGEMARSHALLER.OBJ
E:\WORKSPACE\ACTIVEMQ-CPP-LIBRARY-3.9.3\VS2010-BUILD\WIN32\DEBUG\ACTIVEMQ-CPP\ACTIVEMQCONNECTION.OBJ
E:\WORKSPACE\ACTIVEMQ-CPP-LIBRARY-3.9.3\VS2010-BUILD\WIN32\DEBUG\ACTIVEMQ-CPP\ACTIVEMQCONNECTIONFACTORY.OBJ
E:\WORKSPACE\ACTIVEMQ-CPP-LIBRARY-3.9.3\VS2010-BUILD\WIN32\DEBUG\ACTIVEMQ-CPP\ACTIVEMQCONNECTIONMETADATA.OBJ
E:\WORKSPACE\ACTIVEMQ-CPP-LIBRARY-3.9.3\VS2010-BUILD\WIN32\DEBUG\ACTIVEMQ-CPP\ACTIVEMQCONSTANTS.OBJ
E:\WORKSPACE\ACTIVEMQ-CPP-LIBRARY-3.9.3\VS2010-BUILD\WIN32\DEBUG\ACTIVEMQ-CPP\ACTIVEMQCONSUMER.OBJ
E:\WORKSPACE\ACTIVEMQ-CPP-LIBRARY-3.9.3\VS2010-BUILD\WIN32\DEBUG\ACTIVEMQ-CPP\ACTIVEMQCONSUMERKERNEL.OBJ
E:\WORKSPACE\ACTIVEMQ-CPP-LIBRARY-3.9.3\VS2010-BUILD\WIN32\DEBUG\ACTIVEMQ-CPP\ACTIVEMQCPP.OBJ
E:\workspace\activemq-cpp-library-3.9.3\vs2010-build\Win32\Debug\activemq-cpp\activemq-cpp.write.1.tlog
E:\WORKSPACE\ACTIVEMQ-CPP-LIBRARY-3.9.3\VS2010-BUILD\WIN32\DEBUG\ACTIVEMQ-CPP\ACTIVEMQDESTINATION.OBJ
E:\WORKSPACE\ACTIVEMQ-CPP-LIBRARY-3.9.3\VS2010-BUILD\WIN32\DEBUG\ACTIVEMQ-CPP\ACTIVEMQDESTINATIONEVENT.OBJ
E:\WORKSPACE\ACTIVEMQ-CPP-LIBRARY-3.9.3\VS2010-BUILD\WIN32\DEBUG\ACTIVEMQ-CPP\ACTIVEMQDESTINATIONMARSHALLER.OBJ
E:\WORKSPACE\ACTIVEMQ-CPP-LIBRARY-3.9.3\VS2010-BUILD\WIN32\DEBUG\ACTIVEMQ-CPP\ACTIVEMQDESTINATIONSOURCE.OBJ
E:\WORKSPACE\ACTIVEMQ-CPP-LIBRARY-3.9.3\VS2010-BUILD\WIN32\DEBUG\ACTIVEMQ-CPP\ACTIVEMQEXCEPTION.OBJ
E:\WORKSPACE\ACTIVEMQ-CPP-LIBRARY-3.9.3\VS2010-BUILD\WIN32\DEBUG\ACTIVEMQ-CPP\ACTIVEMQMAPMESSAGE.OBJ
E:\WORKSPACE\ACTIVEMQ-CPP-LIBRARY-3.9.3\VS2010-BUILD\WIN32\DEBUG\ACTIVEMQ-CPP\ACTIVEMQMAPMESSAGEMARSHALLER.OBJ
E:\WORKSPACE\ACTIVEMQ-CPP-LIBRARY-3.9.3\VS2010-BUILD\WIN32\DEBUG\ACTIVEMQ-CPP\ACTIVEMQMESSAGE.OBJ
E:\WORKSPACE\ACTIVEMQ-CPP-LIBRARY-3.9.3\VS2010-BUILD\WIN32\DEBUG\ACTIVEMQ-CPP\ACTIVEMQMESSAGEAUDIT.OBJ
E:\WORKSPACE\ACTIVEMQ-CPP-LIBRARY-3.9.3\VS2010-BUILD\WIN32\DEBUG\ACTIVEMQ-CPP\ACTIVEMQMESSAGEMARSHALLER.OBJ
E:\WORKSPACE\ACTIVEMQ-CPP-LIBRARY-3.9.3\VS2010-BUILD\WIN32\DEBUG\ACTIVEMQ-CPP\ACTIVEMQMESSAGETRANSFORMATION.OBJ
E:\WORKSPACE\ACTIVEMQ-CPP-LIBRARY-3.9.3\VS2010-BUILD\WIN32\DEBUG\ACTIVEMQ-CPP\ACTIVEMQOBJECTMESSAGE.OBJ
E:\WORKSPACE\ACTIVEMQ-CPP-LIBRARY-3.9.3\VS2010-BUILD\WIN32\DEBUG\ACTIVEMQ-CPP\ACTIVEMQOBJECTMESSAGEMARSHALLER.OBJ
E:\WORKSPACE\ACTIVEMQ-CPP-LIBRARY-3.9.3\VS2010-BUILD\WIN32\DEBUG\ACTIVEMQ-CPP\ACTIVEMQPRODUCER.OBJ
E:\WORKSPACE\ACTIVEMQ-CPP-LIBRARY-3.9.3\VS2010-BUILD\WIN32\DEBUG\ACTIVEMQ-CPP\ACTIVEMQPRODUCERKERNEL.OBJ
E:\WORKSPACE\ACTIVEMQ-CPP-LIBRARY-3.9.3\VS2010-BUILD\WIN32\DEBUG\ACTIVEMQ-CPP\ACTIVEMQPROPERTIES.OBJ
E:\WORKSPACE\ACTIVEMQ-CPP-LIBRARY-3.9.3\VS2010-BUILD\WIN32\DEBUG\ACTIVEMQ-CPP\ACTIVEMQQUEUE.OBJ
E:\WORKSPACE\ACTIVEMQ-CPP-LIBRARY-3.9.3\VS2010-BUILD\WIN32\DEBUG\ACTIVEMQ-CPP\ACTIVEMQQUEUEBROWSER.OBJ
E:\WORKSPACE\ACTIVEMQ-CPP-LIBRARY-3.9.3\VS2010-BUILD\WIN32\DEBUG\ACTIVEMQ-CPP\ACTIVEMQQUEUEMARSHALLER.OBJ
E:\WORKSPACE\ACTIVEMQ-CPP-LIBRARY-3.9.3\VS2010-BUILD\WIN32\DEBUG\ACTIVEMQ-CPP\ACTIVEMQSESSION.OBJ
E:\WORKSPACE\ACTIVEMQ-CPP-LIBRARY-3.9.3\VS2010-BUILD\WIN32\DEBUG\ACTIVEMQ-CPP\ACTIVEMQSESSIONEXECUTOR.OBJ
E:\WORKSPACE\ACTIVEMQ-CPP-LIBRARY-3.9.3\VS2010-BUILD\WIN32\DEBUG\ACTIVEMQ-CPP\ACTIVEMQSESSIONKERNEL.OBJ
E:\WORKSPACE\ACTIVEMQ-CPP-LIBRARY-3.9.3\VS2010-BUILD\WIN32\DEBUG\ACTIVEMQ-CPP\ACTIVEMQSTREAMMESSAGE.OBJ
E:\WORKSPACE\ACTIVEMQ-CPP-LIBRARY-3.9.3\VS2010-BUILD\WIN32\DEBUG\ACTIVEMQ-CPP\ACTIVEMQSTREAMMESSAGEMARSHALLER.OBJ
E:\WORKSPACE\ACTIVEMQ-CPP-LIBRARY-3.9.3\VS2010-BUILD\WIN32\DEBUG\ACTIVEMQ-CPP\ACTIVEMQTEMPDESTINATION.OBJ
E:\WORKSPACE\ACTIVEMQ-CPP-LIBRARY-3.9.3\VS2010-BUILD\WIN32\DEBUG\ACTIVEMQ-CPP\ACTIVEMQTEMPDESTINATIONMARSHALLER.OBJ
E:\WORKSPACE\ACTIVEMQ-CPP-LIBRARY-3.9.3\VS2010-BUILD\WIN32\DEBUG\ACTIVEMQ-CPP\ACTIVEMQTEMPQUEUE.OBJ
E:\WORKSPACE\ACTIVEMQ-CPP-LIBRARY-3.9.3\VS2010-BUILD\WIN32\DEBUG\ACTIVEMQ-CPP\ACTIVEMQTEMPQUEUEMARSHALLER.OBJ
E:\WORKSPACE\ACTIVEMQ-CPP-LIBRARY-3.9.3\VS2010-BUILD\WIN32\DEBUG\ACTIVEMQ-CPP\ACTIVEMQTEMPTOPIC.OBJ
E:\WORKSPACE\ACTIVEMQ-CPP-LIBRARY-3.9.3\VS2010-BUILD\WIN32\DEBUG\ACTIVEMQ-CPP\ACTIVEMQTEMPTOPICMARSHALLER.OBJ
E:\WORKSPACE\ACTIVEMQ-CPP-LIBRARY-3.9.3\VS2010-BUILD\WIN32\DEBUG\ACTIVEMQ-CPP\ACTIVEMQTEXTMESSAGE.OBJ
E:\WORKSPACE\ACTIVEMQ-CPP-LIBRARY-3.9.3\VS2010-BUILD\WIN32\DEBUG\ACTIVEMQ-CPP\ACTIVEMQTEXTMESSAGEMARSHALLER.OBJ
E:\WORKSPACE\ACTIVEMQ-CPP-LIBRARY-3.9.3\VS2010-BUILD\WIN32\DEBUG\ACTIVEMQ-CPP\ACTIVEMQTOPIC.OBJ
E:\WORKSPACE\ACTIVEMQ-CPP-LIBRARY-3.9.3\VS2010-BUILD\WIN32\DEBUG\ACTIVEMQ-CPP\ACTIVEMQTOPICMARSHALLER.OBJ
E:\WORKSPACE\ACTIVEMQ-CPP-LIBRARY-3.9.3\VS2010-BUILD\WIN32\DEBUG\ACTIVEMQ-CPP\ACTIVEMQTRANSACTIONCONTEXT.OBJ
E:\WORKSPACE\ACTIVEMQ-CPP-LIBRARY-3.9.3\VS2010-BUILD\WIN32\DEBUG\ACTIVEMQ-CPP\ACTIVEMQXACONNECTION.OBJ
E:\WORKSPACE\ACTIVEMQ-CPP-LIBRARY-3.9.3\VS2010-BUILD\WIN32\DEBUG\ACTIVEMQ-CPP\ACTIVEMQXACONNECTIONFACTORY.OBJ
E:\WORKSPACE\ACTIVEMQ-CPP-LIBRARY-3.9.3\VS2010-BUILD\WIN32\DEBUG\ACTIVEMQ-CPP\ACTIVEMQXASESSION.OBJ
E:\WORKSPACE\ACTIVEMQ-CPP-LIBRARY-3.9.3\VS2010-BUILD\WIN32\DEBUG\ACTIVEMQ-CPP\ACTIVEMQXASESSIONKERNEL.OBJ
E:\WORKSPACE\ACTIVEMQ-CPP-LIBRARY-3.9.3\VS2010-BUILD\WIN32\DEBUG\ACTIVEMQ-CPP\ADLER32.OBJ
E:\WORKSPACE\ACTIVEMQ-CPP-LIBRARY-3.9.3\VS2010-BUILD\WIN32\DEBUG\ACTIVEMQ-CPP\ADLER32ZLIB.OBJ
E:\WORKSPACE\ACTIVEMQ-CPP-LIBRARY-3.9.3\VS2010-BUILD\WIN32\DEBUG\ACTIVEMQ-CPP\ADVISORYCONSUMER.OBJ
E:\WORKSPACE\ACTIVEMQ-CPP-LIBRARY-3.9.3\VS2010-BUILD\WIN32\DEBUG\ACTIVEMQ-CPP\ADVISORYSUPPORT.OBJ
E:\WORKSPACE\ACTIVEMQ-CPP-LIBRARY-3.9.3\VS2010-BUILD\WIN32\DEBUG\ACTIVEMQ-CPP\APPENDABLE.OBJ
E:\WORKSPACE\ACTIVEMQ-CPP-LIBRARY-3.9.3\VS2010-BUILD\WIN32\DEBUG\ACTIVEMQ-CPP\APRPOOL.OBJ
E:\WORKSPACE\ACTIVEMQ-CPP-LIBRARY-3.9.3\VS2010-BUILD\WIN32\DEBUG\ACTIVEMQ-CPP\ARRAYINDEXOUTOFBOUNDSEXCEPTION.OBJ
E:\WORKSPACE\ACTIVEMQ-CPP-LIBRARY-3.9.3\VS2010-BUILD\WIN32\DEBUG\ACTIVEMQ-CPP\ARRAYLIST.OBJ
E:\WORKSPACE\ACTIVEMQ-CPP-LIBRARY-3.9.3\VS2010-BUILD\WIN32\DEBUG\ACTIVEMQ-CPP\ARRAYS.OBJ
E:\WORKSPACE\ACTIVEMQ-CPP-LIBRARY-3.9.3\VS2010-BUILD\WIN32\DEBUG\ACTIVEMQ-CPP\ASYNCCALLBACKCMS.OBJ
E:\WORKSPACE\ACTIVEMQ-CPP-LIBRARY-3.9.3\VS2010-BUILD\WIN32\DEBUG\ACTIVEMQ-CPP\ATOMICBOOLEAN.OBJ
E:\WORKSPACE\ACTIVEMQ-CPP-LIBRARY-3.9.3\VS2010-BUILD\WIN32\DEBUG\ACTIVEMQ-CPP\ATOMICINTEGER.OBJ
E:\WORKSPACE\ACTIVEMQ-CPP-LIBRARY-3.9.3\VS2010-BUILD\WIN32\DEBUG\ACTIVEMQ-CPP\ATOMICREFCOUNTER.OBJ
E:\WORKSPACE\ACTIVEMQ-CPP-LIBRARY-3.9.3\VS2010-BUILD\WIN32\DEBUG\ACTIVEMQ-CPP\ATOMICREFERENCE.OBJ
E:\WORKSPACE\ACTIVEMQ-CPP-LIBRARY-3.9.3\VS2010-BUILD\WIN32\DEBUG\ACTIVEMQ-CPP\ATOMICS.OBJ
E:\WORKSPACE\ACTIVEMQ-CPP-LIBRARY-3.9.3\VS2010-BUILD\WIN32\DEBUG\ACTIVEMQ-CPP\BACKUPTRANSPORT.OBJ
E:\WORKSPACE\ACTIVEMQ-CPP-LIBRARY-3.9.3\VS2010-BUILD\WIN32\DEBUG\ACTIVEMQ-CPP\BACKUPTRANSPORTPOOL.OBJ
E:\WORKSPACE\ACTIVEMQ-CPP-LIBRARY-3.9.3\VS2010-BUILD\WIN32\DEBUG\ACTIVEMQ-CPP\BASECOMMANDMARSHALLER.OBJ
E:\WORKSPACE\ACTIVEMQ-CPP-LIBRARY-3.9.3\VS2010-BUILD\WIN32\DEBUG\ACTIVEMQ-CPP\BASEDATASTREAMMARSHALLER.OBJ
E:\WORKSPACE\ACTIVEMQ-CPP-LIBRARY-3.9.3\VS2010-BUILD\WIN32\DEBUG\ACTIVEMQ-CPP\BINDEXCEPTION.OBJ
E:\WORKSPACE\ACTIVEMQ-CPP-LIBRARY-3.9.3\VS2010-BUILD\WIN32\DEBUG\ACTIVEMQ-CPP\BITSET.OBJ
E:\WORKSPACE\ACTIVEMQ-CPP-LIBRARY-3.9.3\VS2010-BUILD\WIN32\DEBUG\ACTIVEMQ-CPP\BLOCKINGBYTEARRAYINPUTSTREAM.OBJ
E:\WORKSPACE\ACTIVEMQ-CPP-LIBRARY-3.9.3\VS2010-BUILD\WIN32\DEBUG\ACTIVEMQ-CPP\BLOCKINGQUEUE.OBJ
E:\WORKSPACE\ACTIVEMQ-CPP-LIBRARY-3.9.3\VS2010-BUILD\WIN32\DEBUG\ACTIVEMQ-CPP\BOOLEAN.OBJ
E:\WORKSPACE\ACTIVEMQ-CPP-LIBRARY-3.9.3\VS2010-BUILD\WIN32\DEBUG\ACTIVEMQ-CPP\BOOLEANSTREAM.OBJ
E:\WORKSPACE\ACTIVEMQ-CPP-LIBRARY-3.9.3\VS2010-BUILD\WIN32\DEBUG\ACTIVEMQ-CPP\BROKENBARRIEREXCEPTION.OBJ
E:\WORKSPACE\ACTIVEMQ-CPP-LIBRARY-3.9.3\VS2010-BUILD\WIN32\DEBUG\ACTIVEMQ-CPP\BROKERERROR.OBJ
E:\WORKSPACE\ACTIVEMQ-CPP-LIBRARY-3.9.3\VS2010-BUILD\WIN32\DEBUG\ACTIVEMQ-CPP\BROKEREXCEPTION.OBJ
E:\WORKSPACE\ACTIVEMQ-CPP-LIBRARY-3.9.3\VS2010-BUILD\WIN32\DEBUG\ACTIVEMQ-CPP\BROKERID.OBJ
E:\WORKSPACE\ACTIVEMQ-CPP-LIBRARY-3.9.3\VS2010-BUILD\WIN32\DEBUG\ACTIVEMQ-CPP\BROKERIDMARSHALLER.OBJ
E:\WORKSPACE\ACTIVEMQ-CPP-LIBRARY-3.9.3\VS2010-BUILD\WIN32\DEBUG\ACTIVEMQ-CPP\BROKERINFO.OBJ
E:\WORKSPACE\ACTIVEMQ-CPP-LIBRARY-3.9.3\VS2010-BUILD\WIN32\DEBUG\ACTIVEMQ-CPP\BROKERINFOMARSHALLER.OBJ
E:\WORKSPACE\ACTIVEMQ-CPP-LIBRARY-3.9.3\VS2010-BUILD\WIN32\DEBUG\ACTIVEMQ-CPP\BUFFER.OBJ
E:\WORKSPACE\ACTIVEMQ-CPP-LIBRARY-3.9.3\VS2010-BUILD\WIN32\DEBUG\ACTIVEMQ-CPP\BUFFEREDINPUTSTREAM.OBJ
E:\WORKSPACE\ACTIVEMQ-CPP-LIBRARY-3.9.3\VS2010-BUILD\WIN32\DEBUG\ACTIVEMQ-CPP\BUFFEREDOUTPUTSTREAM.OBJ
E:\WORKSPACE\ACTIVEMQ-CPP-LIBRARY-3.9.3\VS2010-BUILD\WIN32\DEBUG\ACTIVEMQ-CPP\BUFFERFACTORY.OBJ
E:\WORKSPACE\ACTIVEMQ-CPP-LIBRARY-3.9.3\VS2010-BUILD\WIN32\DEBUG\ACTIVEMQ-CPP\BUFFEROVERFLOWEXCEPTION.OBJ
E:\WORKSPACE\ACTIVEMQ-CPP-LIBRARY-3.9.3\VS2010-BUILD\WIN32\DEBUG\ACTIVEMQ-CPP\BUFFERUNDERFLOWEXCEPTION.OBJ
E:\WORKSPACE\ACTIVEMQ-CPP-LIBRARY-3.9.3\VS2010-BUILD\WIN32\DEBUG\ACTIVEMQ-CPP\BYTE.OBJ
E:\WORKSPACE\ACTIVEMQ-CPP-LIBRARY-3.9.3\VS2010-BUILD\WIN32\DEBUG\ACTIVEMQ-CPP\BYTEARRAYADAPTER.OBJ
E:\WORKSPACE\ACTIVEMQ-CPP-LIBRARY-3.9.3\VS2010-BUILD\WIN32\DEBUG\ACTIVEMQ-CPP\BYTEARRAYBUFFER.OBJ
E:\WORKSPACE\ACTIVEMQ-CPP-LIBRARY-3.9.3\VS2010-BUILD\WIN32\DEBUG\ACTIVEMQ-CPP\BYTEARRAYINPUTSTREAM.OBJ
E:\WORKSPACE\ACTIVEMQ-CPP-LIBRARY-3.9.3\VS2010-BUILD\WIN32\DEBUG\ACTIVEMQ-CPP\BYTEARRAYOUTPUTSTREAM.OBJ
E:\WORKSPACE\ACTIVEMQ-CPP-LIBRARY-3.9.3\VS2010-BUILD\WIN32\DEBUG\ACTIVEMQ-CPP\BYTEBUFFER.OBJ
E:\WORKSPACE\ACTIVEMQ-CPP-LIBRARY-3.9.3\VS2010-BUILD\WIN32\DEBUG\ACTIVEMQ-CPP\BYTESMESSAGECMS.OBJ
E:\WORKSPACE\ACTIVEMQ-CPP-LIBRARY-3.9.3\VS2010-BUILD\WIN32\DEBUG\ACTIVEMQ-CPP\CACHEDCONSUMER.OBJ
E:\WORKSPACE\ACTIVEMQ-CPP-LIBRARY-3.9.3\VS2010-BUILD\WIN32\DEBUG\ACTIVEMQ-CPP\CACHEDPRODUCER.OBJ
E:\WORKSPACE\ACTIVEMQ-CPP-LIBRARY-3.9.3\VS2010-BUILD\WIN32\DEBUG\ACTIVEMQ-CPP\CALLABLE.OBJ
E:\WORKSPACE\ACTIVEMQ-CPP-LIBRARY-3.9.3\VS2010-BUILD\WIN32\DEBUG\ACTIVEMQ-CPP\CANCELLATIONEXCEPTION.OBJ
E:\WORKSPACE\ACTIVEMQ-CPP-LIBRARY-3.9.3\VS2010-BUILD\WIN32\DEBUG\ACTIVEMQ-CPP\CERTIFICATE.OBJ
E:\WORKSPACE\ACTIVEMQ-CPP-LIBRARY-3.9.3\VS2010-BUILD\WIN32\DEBUG\ACTIVEMQ-CPP\CERTIFICATEENCODINGEXCEPTION.OBJ
E:\WORKSPACE\ACTIVEMQ-CPP-LIBRARY-3.9.3\VS2010-BUILD\WIN32\DEBUG\ACTIVEMQ-CPP\CERTIFICATEEXCEPTION.OBJ
E:\WORKSPACE\ACTIVEMQ-CPP-LIBRARY-3.9.3\VS2010-BUILD\WIN32\DEBUG\ACTIVEMQ-CPP\CERTIFICATEEXPIREDEXCEPTION.OBJ
E:\WORKSPACE\ACTIVEMQ-CPP-LIBRARY-3.9.3\VS2010-BUILD\WIN32\DEBUG\ACTIVEMQ-CPP\CERTIFICATENOTYETVALIDEXCEPTION.OBJ
E:\WORKSPACE\ACTIVEMQ-CPP-LIBRARY-3.9.3\VS2010-BUILD\WIN32\DEBUG\ACTIVEMQ-CPP\CERTIFICATEPARSINGEXCEPTION.OBJ
E:\WORKSPACE\ACTIVEMQ-CPP-LIBRARY-3.9.3\VS2010-BUILD\WIN32\DEBUG\ACTIVEMQ-CPP\CHARACTER.OBJ
E:\WORKSPACE\ACTIVEMQ-CPP-LIBRARY-3.9.3\VS2010-BUILD\WIN32\DEBUG\ACTIVEMQ-CPP\CHARARRAYBUFFER.OBJ
E:\WORKSPACE\ACTIVEMQ-CPP-LIBRARY-3.9.3\VS2010-BUILD\WIN32\DEBUG\ACTIVEMQ-CPP\CHARBUFFER.OBJ
E:\WORKSPACE\ACTIVEMQ-CPP-LIBRARY-3.9.3\VS2010-BUILD\WIN32\DEBUG\ACTIVEMQ-CPP\CHARSEQUENCE.OBJ
E:\WORKSPACE\ACTIVEMQ-CPP-LIBRARY-3.9.3\VS2010-BUILD\WIN32\DEBUG\ACTIVEMQ-CPP\CHECKEDINPUTSTREAM.OBJ
E:\WORKSPACE\ACTIVEMQ-CPP-LIBRARY-3.9.3\VS2010-BUILD\WIN32\DEBUG\ACTIVEMQ-CPP\CHECKEDOUTPUTSTREAM.OBJ
E:\WORKSPACE\ACTIVEMQ-CPP-LIBRARY-3.9.3\VS2010-BUILD\WIN32\DEBUG\ACTIVEMQ-CPP\CHECKSUM.OBJ
E:\workspace\activemq-cpp-library-3.9.3\vs2010-build\Win32\Debug\activemq-cpp\cl.command.1.tlog
E:\workspace\activemq-cpp-library-3.9.3\vs2010-build\Win32\Debug\activemq-cpp\CL.read.1.tlog
E:\workspace\activemq-cpp-library-3.9.3\vs2010-build\Win32\Debug\activemq-cpp\CL.write.1.tlog
E:\WORKSPACE\ACTIVEMQ-CPP-LIBRARY-3.9.3\VS2010-BUILD\WIN32\DEBUG\ACTIVEMQ-CPP\CLASSCASTEXCEPTION.OBJ
E:\WORKSPACE\ACTIVEMQ-CPP-LIBRARY-3.9.3\VS2010-BUILD\WIN32\DEBUG\ACTIVEMQ-CPP\CLONENOTSUPPORTEDEXCEPTION.OBJ
E:\WORKSPACE\ACTIVEMQ-CPP-LIBRARY-3.9.3\VS2010-BUILD\WIN32\DEBUG\ACTIVEMQ-CPP\CLOSEABLE.OBJ
E:\WORKSPACE\ACTIVEMQ-CPP-LIBRARY-3.9.3\VS2010-BUILD\WIN32\DEBUG\ACTIVEMQ-CPP\CLOSEABLECMS.OBJ
E:\WORKSPACE\ACTIVEMQ-CPP-LIBRARY-3.9.3\VS2010-BUILD\WIN32\DEBUG\ACTIVEMQ-CPP\CLOSETRANSPORTSTASK.OBJ
E:\WORKSPACE\ACTIVEMQ-CPP-LIBRARY-3.9.3\VS2010-BUILD\WIN32\DEBUG\ACTIVEMQ-CPP\CMSACCESSOR.OBJ
E:\WORKSPACE\ACTIVEMQ-CPP-LIBRARY-3.9.3\VS2010-BUILD\WIN32\DEBUG\ACTIVEMQ-CPP\CMSDESTINATIONACCESSOR.OBJ
E:\WORKSPACE\ACTIVEMQ-CPP-LIBRARY-3.9.3\VS2010-BUILD\WIN32\DEBUG\ACTIVEMQ-CPP\CMSEXCEPTIONCMS.OBJ
E:\WORKSPACE\ACTIVEMQ-CPP-LIBRARY-3.9.3\VS2010-BUILD\WIN32\DEBUG\ACTIVEMQ-CPP\CMSEXCEPTIONSUPPORT.OBJ
E:\WORKSPACE\ACTIVEMQ-CPP-LIBRARY-3.9.3\VS2010-BUILD\WIN32\DEBUG\ACTIVEMQ-CPP\CMSPROPERTIESCMS.OBJ
E:\WORKSPACE\ACTIVEMQ-CPP-LIBRARY-3.9.3\VS2010-BUILD\WIN32\DEBUG\ACTIVEMQ-CPP\CMSSECURITYEXCEPTIONCMS.OBJ
E:\WORKSPACE\ACTIVEMQ-CPP-LIBRARY-3.9.3\VS2010-BUILD\WIN32\DEBUG\ACTIVEMQ-CPP\CMSTEMPLATE.OBJ
E:\WORKSPACE\ACTIVEMQ-CPP-LIBRARY-3.9.3\VS2010-BUILD\WIN32\DEBUG\ACTIVEMQ-CPP\COLLECTION.OBJ
E:\WORKSPACE\ACTIVEMQ-CPP-LIBRARY-3.9.3\VS2010-BUILD\WIN32\DEBUG\ACTIVEMQ-CPP\COLLECTIONS.OBJ
E:\WORKSPACE\ACTIVEMQ-CPP-LIBRARY-3.9.3\VS2010-BUILD\WIN32\DEBUG\ACTIVEMQ-CPP\COMMANDVISITOR.OBJ
E:\WORKSPACE\ACTIVEMQ-CPP-LIBRARY-3.9.3\VS2010-BUILD\WIN32\DEBUG\ACTIVEMQ-CPP\COMMANDVISITORADAPTER.OBJ
E:\WORKSPACE\ACTIVEMQ-CPP-LIBRARY-3.9.3\VS2010-BUILD\WIN32\DEBUG\ACTIVEMQ-CPP\COMPARABLE.OBJ
E:\WORKSPACE\ACTIVEMQ-CPP-LIBRARY-3.9.3\VS2010-BUILD\WIN32\DEBUG\ACTIVEMQ-CPP\COMPARATOR.OBJ
E:\WORKSPACE\ACTIVEMQ-CPP-LIBRARY-3.9.3\VS2010-BUILD\WIN32\DEBUG\ACTIVEMQ-CPP\COMPOSITEDATA.OBJ
E:\WORKSPACE\ACTIVEMQ-CPP-LIBRARY-3.9.3\VS2010-BUILD\WIN32\DEBUG\ACTIVEMQ-CPP\COMPOSITETASK.OBJ
E:\WORKSPACE\ACTIVEMQ-CPP-LIBRARY-3.9.3\VS2010-BUILD\WIN32\DEBUG\ACTIVEMQ-CPP\COMPOSITETASKRUNNER.OBJ
E:\WORKSPACE\ACTIVEMQ-CPP-LIBRARY-3.9.3\VS2010-BUILD\WIN32\DEBUG\ACTIVEMQ-CPP\COMPOSITETRANSPORT.OBJ
E:\WORKSPACE\ACTIVEMQ-CPP-LIBRARY-3.9.3\VS2010-BUILD\WIN32\DEBUG\ACTIVEMQ-CPP\CONCURRENTHASHMAP.OBJ
E:\WORKSPACE\ACTIVEMQ-CPP-LIBRARY-3.9.3\VS2010-BUILD\WIN32\DEBUG\ACTIVEMQ-CPP\CONCURRENTMAP.OBJ
E:\WORKSPACE\ACTIVEMQ-CPP-LIBRARY-3.9.3\VS2010-BUILD\WIN32\DEBUG\ACTIVEMQ-CPP\CONCURRENTMODIFICATIONEXCEPTION.OBJ
E:\WORKSPACE\ACTIVEMQ-CPP-LIBRARY-3.9.3\VS2010-BUILD\WIN32\DEBUG\ACTIVEMQ-CPP\CONCURRENTSTLMAP.OBJ
E:\WORKSPACE\ACTIVEMQ-CPP-LIBRARY-3.9.3\VS2010-BUILD\WIN32\DEBUG\ACTIVEMQ-CPP\CONDITION.OBJ
E:\WORKSPACE\ACTIVEMQ-CPP-LIBRARY-3.9.3\VS2010-BUILD\WIN32\DEBUG\ACTIVEMQ-CPP\CONNECTEXCEPTION.OBJ
E:\WORKSPACE\ACTIVEMQ-CPP-LIBRARY-3.9.3\VS2010-BUILD\WIN32\DEBUG\ACTIVEMQ-CPP\CONNECTIONAUDIT.OBJ
E:\WORKSPACE\ACTIVEMQ-CPP-LIBRARY-3.9.3\VS2010-BUILD\WIN32\DEBUG\ACTIVEMQ-CPP\CONNECTIONCMS.OBJ
E:\WORKSPACE\ACTIVEMQ-CPP-LIBRARY-3.9.3\VS2010-BUILD\WIN32\DEBUG\ACTIVEMQ-CPP\CONNECTIONCONTROL.OBJ
E:\WORKSPACE\ACTIVEMQ-CPP-LIBRARY-3.9.3\VS2010-BUILD\WIN32\DEBUG\ACTIVEMQ-CPP\CONNECTIONCONTROLMARSHALLER.OBJ
E:\WORKSPACE\ACTIVEMQ-CPP-LIBRARY-3.9.3\VS2010-BUILD\WIN32\DEBUG\ACTIVEMQ-CPP\CONNECTIONERROR.OBJ
E:\WORKSPACE\ACTIVEMQ-CPP-LIBRARY-3.9.3\VS2010-BUILD\WIN32\DEBUG\ACTIVEMQ-CPP\CONNECTIONERRORMARSHALLER.OBJ
E:\WORKSPACE\ACTIVEMQ-CPP-LIBRARY-3.9.3\VS2010-BUILD\WIN32\DEBUG\ACTIVEMQ-CPP\CONNECTIONFACTORYCMS.OBJ
E:\WORKSPACE\ACTIVEMQ-CPP-LIBRARY-3.9.3\VS2010-BUILD\WIN32\DEBUG\ACTIVEMQ-CPP\CONNECTIONFAILEDEXCEPTION.OBJ
E:\WORKSPACE\ACTIVEMQ-CPP-LIBRARY-3.9.3\VS2010-BUILD\WIN32\DEBUG\ACTIVEMQ-CPP\CONNECTIONID.OBJ
E:\WORKSPACE\ACTIVEMQ-CPP-LIBRARY-3.9.3\VS2010-BUILD\WIN32\DEBUG\ACTIVEMQ-CPP\CONNECTIONIDMARSHALLER.OBJ
E:\WORKSPACE\ACTIVEMQ-CPP-LIBRARY-3.9.3\VS2010-BUILD\WIN32\DEBUG\ACTIVEMQ-CPP\CONNECTIONINFO.OBJ
E:\WORKSPACE\ACTIVEMQ-CPP-LIBRARY-3.9.3\VS2010-BUILD\WIN32\DEBUG\ACTIVEMQ-CPP\CONNECTIONINFOMARSHALLER.OBJ
E:\WORKSPACE\ACTIVEMQ-CPP-LIBRARY-3.9.3\VS2010-BUILD\WIN32\DEBUG\ACTIVEMQ-CPP\CONNECTIONMETADATACMS.OBJ
E:\WORKSPACE\ACTIVEMQ-CPP-LIBRARY-3.9.3\VS2010-BUILD\WIN32\DEBUG\ACTIVEMQ-CPP\CONNECTIONSTATE.OBJ
E:\WORKSPACE\ACTIVEMQ-CPP-LIBRARY-3.9.3\VS2010-BUILD\WIN32\DEBUG\ACTIVEMQ-CPP\CONNECTIONSTATETRACKER.OBJ
E:\WORKSPACE\ACTIVEMQ-CPP-LIBRARY-3.9.3\VS2010-BUILD\WIN32\DEBUG\ACTIVEMQ-CPP\CONSOLEHANDLER.OBJ
E:\WORKSPACE\ACTIVEMQ-CPP-LIBRARY-3.9.3\VS2010-BUILD\WIN32\DEBUG\ACTIVEMQ-CPP\CONSUMERCONTROL.OBJ
E:\WORKSPACE\ACTIVEMQ-CPP-LIBRARY-3.9.3\VS2010-BUILD\WIN32\DEBUG\ACTIVEMQ-CPP\CONSUMERCONTROLMARSHALLER.OBJ
E:\WORKSPACE\ACTIVEMQ-CPP-LIBRARY-3.9.3\VS2010-BUILD\WIN32\DEBUG\ACTIVEMQ-CPP\CONSUMERID.OBJ
E:\WORKSPACE\ACTIVEMQ-CPP-LIBRARY-3.9.3\VS2010-BUILD\WIN32\DEBUG\ACTIVEMQ-CPP\CONSUMERIDMARSHALLER.OBJ
E:\WORKSPACE\ACTIVEMQ-CPP-LIBRARY-3.9.3\VS2010-BUILD\WIN32\DEBUG\ACTIVEMQ-CPP\CONSUMERINFO.OBJ
E:\WORKSPACE\ACTIVEMQ-CPP-LIBRARY-3.9.3\VS2010-BUILD\WIN32\DEBUG\ACTIVEMQ-CPP\CONSUMERINFOMARSHALLER.OBJ
E:\WORKSPACE\ACTIVEMQ-CPP-LIBRARY-3.9.3\VS2010-BUILD\WIN32\DEBUG\ACTIVEMQ-CPP\CONSUMERSTATE.OBJ
E:\WORKSPACE\ACTIVEMQ-CPP-LIBRARY-3.9.3\VS2010-BUILD\WIN32\DEBUG\ACTIVEMQ-CPP\CONTENTHANDLERFACTORY.OBJ
E:\WORKSPACE\ACTIVEMQ-CPP-LIBRARY-3.9.3\VS2010-BUILD\WIN32\DEBUG\ACTIVEMQ-CPP\CONTROLCOMMAND.OBJ
E:\WORKSPACE\ACTIVEMQ-CPP-LIBRARY-3.9.3\VS2010-BUILD\WIN32\DEBUG\ACTIVEMQ-CPP\CONTROLCOMMANDMARSHALLER.OBJ
E:\WORKSPACE\ACTIVEMQ-CPP-LIBRARY-3.9.3\VS2010-BUILD\WIN32\DEBUG\ACTIVEMQ-CPP\COPYONWRITEARRAYLIST.OBJ
E:\WORKSPACE\ACTIVEMQ-CPP-LIBRARY-3.9.3\VS2010-BUILD\WIN32\DEBUG\ACTIVEMQ-CPP\COPYONWRITEARRAYSET.OBJ
E:\WORKSPACE\ACTIVEMQ-CPP-LIBRARY-3.9.3\VS2010-BUILD\WIN32\DEBUG\ACTIVEMQ-CPP\COUNTDOWNLATCH.OBJ
E:\WORKSPACE\ACTIVEMQ-CPP-LIBRARY-3.9.3\VS2010-BUILD\WIN32\DEBUG\ACTIVEMQ-CPP\CRC32.OBJ
E:\WORKSPACE\ACTIVEMQ-CPP-LIBRARY-3.9.3\VS2010-BUILD\WIN32\DEBUG\ACTIVEMQ-CPP\CRC32ZLIB.OBJ
E:\WORKSPACE\ACTIVEMQ-CPP-LIBRARY-3.9.3\VS2010-BUILD\WIN32\DEBUG\ACTIVEMQ-CPP\DATAARRAYRESPONSE.OBJ
E:\WORKSPACE\ACTIVEMQ-CPP-LIBRARY-3.9.3\VS2010-BUILD\WIN32\DEBUG\ACTIVEMQ-CPP\DATAARRAYRESPONSEMARSHALLER.OBJ
E:\WORKSPACE\ACTIVEMQ-CPP-LIBRARY-3.9.3\VS2010-BUILD\WIN32\DEBUG\ACTIVEMQ-CPP\DATAFORMATEXCEPTION.OBJ
E:\WORKSPACE\ACTIVEMQ-CPP-LIBRARY-3.9.3\VS2010-BUILD\WIN32\DEBUG\ACTIVEMQ-CPP\DATAGRAMPACKET.OBJ
E:\WORKSPACE\ACTIVEMQ-CPP-LIBRARY-3.9.3\VS2010-BUILD\WIN32\DEBUG\ACTIVEMQ-CPP\DATAINPUT.OBJ
E:\WORKSPACE\ACTIVEMQ-CPP-LIBRARY-3.9.3\VS2010-BUILD\WIN32\DEBUG\ACTIVEMQ-CPP\DATAINPUTSTREAM.OBJ
E:\WORKSPACE\ACTIVEMQ-CPP-LIBRARY-3.9.3\VS2010-BUILD\WIN32\DEBUG\ACTIVEMQ-CPP\DATAOUTPUT.OBJ
E:\WORKSPACE\ACTIVEMQ-CPP-LIBRARY-3.9.3\VS2010-BUILD\WIN32\DEBUG\ACTIVEMQ-CPP\DATAOUTPUTSTREAM.OBJ
E:\WORKSPACE\ACTIVEMQ-CPP-LIBRARY-3.9.3\VS2010-BUILD\WIN32\DEBUG\ACTIVEMQ-CPP\DATARESPONSE.OBJ
E:\WORKSPACE\ACTIVEMQ-CPP-LIBRARY-3.9.3\VS2010-BUILD\WIN32\DEBUG\ACTIVEMQ-CPP\DATARESPONSEMARSHALLER.OBJ
E:\WORKSPACE\ACTIVEMQ-CPP-LIBRARY-3.9.3\VS2010-BUILD\WIN32\DEBUG\ACTIVEMQ-CPP\DATASTREAMMARSHALLER.OBJ
E:\WORKSPACE\ACTIVEMQ-CPP-LIBRARY-3.9.3\VS2010-BUILD\WIN32\DEBUG\ACTIVEMQ-CPP\DATE.OBJ
E:\WORKSPACE\ACTIVEMQ-CPP-LIBRARY-3.9.3\VS2010-BUILD\WIN32\DEBUG\ACTIVEMQ-CPP\DECAFRUNTIME.OBJ
E:\WORKSPACE\ACTIVEMQ-CPP-LIBRARY-3.9.3\VS2010-BUILD\WIN32\DEBUG\ACTIVEMQ-CPP\DEDICATEDTASKRUNNER.OBJ
E:\WORKSPACE\ACTIVEMQ-CPP-LIBRARY-3.9.3\VS2010-BUILD\WIN32\DEBUG\ACTIVEMQ-CPP\DEFAULTMESSAGEDIGESTPROVIDERSERVICE.OBJ
E:\WORKSPACE\ACTIVEMQ-CPP-LIBRARY-3.9.3\VS2010-BUILD\WIN32\DEBUG\ACTIVEMQ-CPP\DEFAULTPREFETCHPOLICY.OBJ
E:\WORKSPACE\ACTIVEMQ-CPP-LIBRARY-3.9.3\VS2010-BUILD\WIN32\DEBUG\ACTIVEMQ-CPP\DEFAULTPROVIDER.OBJ
E:\WORKSPACE\ACTIVEMQ-CPP-LIBRARY-3.9.3\VS2010-BUILD\WIN32\DEBUG\ACTIVEMQ-CPP\DEFAULTREDELIVERYPOLICY.OBJ
E:\WORKSPACE\ACTIVEMQ-CPP-LIBRARY-3.9.3\VS2010-BUILD\WIN32\DEBUG\ACTIVEMQ-CPP\DEFAULTSECURERANDOMPROVIDERSERVICE.OBJ
E:\WORKSPACE\ACTIVEMQ-CPP-LIBRARY-3.9.3\VS2010-BUILD\WIN32\DEBUG\ACTIVEMQ-CPP\DEFAULTSERVERSOCKETFACTORY.OBJ
E:\WORKSPACE\ACTIVEMQ-CPP-LIBRARY-3.9.3\VS2010-BUILD\WIN32\DEBUG\ACTIVEMQ-CPP\DEFAULTSOCKETFACTORY.OBJ
E:\WORKSPACE\ACTIVEMQ-CPP-LIBRARY-3.9.3\VS2010-BUILD\WIN32\DEBUG\ACTIVEMQ-CPP\DEFAULTSSLCONTEXT.OBJ
E:\WORKSPACE\ACTIVEMQ-CPP-LIBRARY-3.9.3\VS2010-BUILD\WIN32\DEBUG\ACTIVEMQ-CPP\DEFAULTSSLSERVERSOCKETFACTORY.OBJ
E:\WORKSPACE\ACTIVEMQ-CPP-LIBRARY-3.9.3\VS2010-BUILD\WIN32\DEBUG\ACTIVEMQ-CPP\DEFAULTSSLSOCKETFACTORY.OBJ
E:\WORKSPACE\ACTIVEMQ-CPP-LIBRARY-3.9.3\VS2010-BUILD\WIN32\DEBUG\ACTIVEMQ-CPP\DEFAULTTRANSPORTLISTENER.OBJ
E:\WORKSPACE\ACTIVEMQ-CPP-LIBRARY-3.9.3\VS2010-BUILD\WIN32\DEBUG\ACTIVEMQ-CPP\DEFLATE.OBJ
E:\WORKSPACE\ACTIVEMQ-CPP-LIBRARY-3.9.3\VS2010-BUILD\WIN32\DEBUG\ACTIVEMQ-CPP\DEFLATER.OBJ
E:\WORKSPACE\ACTIVEMQ-CPP-LIBRARY-3.9.3\VS2010-BUILD\WIN32\DEBUG\ACTIVEMQ-CPP\DEFLATEROUTPUTSTREAM.OBJ
E:\WORKSPACE\ACTIVEMQ-CPP-LIBRARY-3.9.3\VS2010-BUILD\WIN32\DEBUG\ACTIVEMQ-CPP\DELAYED.OBJ
E:\WORKSPACE\ACTIVEMQ-CPP-LIBRARY-3.9.3\VS2010-BUILD\WIN32\DEBUG\ACTIVEMQ-CPP\DELIVERYMODECMS.OBJ
E:\WORKSPACE\ACTIVEMQ-CPP-LIBRARY-3.9.3\VS2010-BUILD\WIN32\DEBUG\ACTIVEMQ-CPP\DEQUE.OBJ
E:\WORKSPACE\ACTIVEMQ-CPP-LIBRARY-3.9.3\VS2010-BUILD\WIN32\DEBUG\ACTIVEMQ-CPP\DESTINATIONCMS.OBJ
E:\WORKSPACE\ACTIVEMQ-CPP-LIBRARY-3.9.3\VS2010-BUILD\WIN32\DEBUG\ACTIVEMQ-CPP\DESTINATIONEVENT.OBJ
E:\WORKSPACE\ACTIVEMQ-CPP-LIBRARY-3.9.3\VS2010-BUILD\WIN32\DEBUG\ACTIVEMQ-CPP\DESTINATIONINFO.OBJ
E:\WORKSPACE\ACTIVEMQ-CPP-LIBRARY-3.9.3\VS2010-BUILD\WIN32\DEBUG\ACTIVEMQ-CPP\DESTINATIONINFOMARSHALLER.OBJ
E:\WORKSPACE\ACTIVEMQ-CPP-LIBRARY-3.9.3\VS2010-BUILD\WIN32\DEBUG\ACTIVEMQ-CPP\DESTINATIONLISTENER.OBJ
E:\WORKSPACE\ACTIVEMQ-CPP-LIBRARY-3.9.3\VS2010-BUILD\WIN32\DEBUG\ACTIVEMQ-CPP\DESTINATIONRESOLVER.OBJ
E:\WORKSPACE\ACTIVEMQ-CPP-LIBRARY-3.9.3\VS2010-BUILD\WIN32\DEBUG\ACTIVEMQ-CPP\DESTINATIONSOURCE.OBJ
E:\WORKSPACE\ACTIVEMQ-CPP-LIBRARY-3.9.3\VS2010-BUILD\WIN32\DEBUG\ACTIVEMQ-CPP\DIGESTEXCEPTION.OBJ
E:\WORKSPACE\ACTIVEMQ-CPP-LIBRARY-3.9.3\VS2010-BUILD\WIN32\DEBUG\ACTIVEMQ-CPP\DISCOVERYEVENT.OBJ
E:\WORKSPACE\ACTIVEMQ-CPP-LIBRARY-3.9.3\VS2010-BUILD\WIN32\DEBUG\ACTIVEMQ-CPP\DISCOVERYEVENTMARSHALLER.OBJ
E:\WORKSPACE\ACTIVEMQ-CPP-LIBRARY-3.9.3\VS2010-BUILD\WIN32\DEBUG\ACTIVEMQ-CPP\DISPATCHDATA.OBJ
E:\WORKSPACE\ACTIVEMQ-CPP-LIBRARY-3.9.3\VS2010-BUILD\WIN32\DEBUG\ACTIVEMQ-CPP\DISPATCHER.OBJ
E:\WORKSPACE\ACTIVEMQ-CPP-LIBRARY-3.9.3\VS2010-BUILD\WIN32\DEBUG\ACTIVEMQ-CPP\DOUBLE.OBJ
E:\WORKSPACE\ACTIVEMQ-CPP-LIBRARY-3.9.3\VS2010-BUILD\WIN32\DEBUG\ACTIVEMQ-CPP\DOUBLEARRAYBUFFER.OBJ
E:\WORKSPACE\ACTIVEMQ-CPP-LIBRARY-3.9.3\VS2010-BUILD\WIN32\DEBUG\ACTIVEMQ-CPP\DOUBLEBUFFER.OBJ
E:\WORKSPACE\ACTIVEMQ-CPP-LIBRARY-3.9.3\VS2010-BUILD\WIN32\DEBUG\ACTIVEMQ-CPP\DYNAMICDESTINATIONRESOLVER.OBJ
E:\WORKSPACE\ACTIVEMQ-CPP-LIBRARY-3.9.3\VS2010-BUILD\WIN32\DEBUG\ACTIVEMQ-CPP\ENGINE.OBJ
E:\WORKSPACE\ACTIVEMQ-CPP-LIBRARY-3.9.3\VS2010-BUILD\WIN32\DEBUG\ACTIVEMQ-CPP\ENHANCEDCONNECTION.OBJ
E:\WORKSPACE\ACTIVEMQ-CPP-LIBRARY-3.9.3\VS2010-BUILD\WIN32\DEBUG\ACTIVEMQ-CPP\EOFEXCEPTION.OBJ
E:\WORKSPACE\ACTIVEMQ-CPP-LIBRARY-3.9.3\VS2010-BUILD\WIN32\DEBUG\ACTIVEMQ-CPP\ERRORMANAGER.OBJ
E:\WORKSPACE\ACTIVEMQ-CPP-LIBRARY-3.9.3\VS2010-BUILD\WIN32\DEBUG\ACTIVEMQ-CPP\EXCEPTION.OBJ
E:\WORKSPACE\ACTIVEMQ-CPP-LIBRARY-3.9.3\VS2010-BUILD\WIN32\DEBUG\ACTIVEMQ-CPP\EXCEPTIONLISTENERCMS.OBJ
E:\WORKSPACE\ACTIVEMQ-CPP-LIBRARY-3.9.3\VS2010-BUILD\WIN32\DEBUG\ACTIVEMQ-CPP\EXCEPTIONRESPONSE.OBJ
E:\WORKSPACE\ACTIVEMQ-CPP-LIBRARY-3.9.3\VS2010-BUILD\WIN32\DEBUG\ACTIVEMQ-CPP\EXCEPTIONRESPONSEMARSHALLER.OBJ
E:\WORKSPACE\ACTIVEMQ-CPP-LIBRARY-3.9.3\VS2010-BUILD\WIN32\DEBUG\ACTIVEMQ-CPP\EXECUTIONEXCEPTION.OBJ
E:\WORKSPACE\ACTIVEMQ-CPP-LIBRARY-3.9.3\VS2010-BUILD\WIN32\DEBUG\ACTIVEMQ-CPP\EXECUTOR.OBJ
E:\WORKSPACE\ACTIVEMQ-CPP-LIBRARY-3.9.3\VS2010-BUILD\WIN32\DEBUG\ACTIVEMQ-CPP\EXECUTORS.OBJ
E:\WORKSPACE\ACTIVEMQ-CPP-LIBRARY-3.9.3\VS2010-BUILD\WIN32\DEBUG\ACTIVEMQ-CPP\EXECUTORSERVICE.OBJ
E:\WORKSPACE\ACTIVEMQ-CPP-LIBRARY-3.9.3\VS2010-BUILD\WIN32\DEBUG\ACTIVEMQ-CPP\EXECUTORSSUPPORT.OBJ
E:\WORKSPACE\ACTIVEMQ-CPP-LIBRARY-3.9.3\VS2010-BUILD\WIN32\DEBUG\ACTIVEMQ-CPP\FAILOVERTRANSPORT.OBJ
E:\WORKSPACE\ACTIVEMQ-CPP-LIBRARY-3.9.3\VS2010-BUILD\WIN32\DEBUG\ACTIVEMQ-CPP\FAILOVERTRANSPORTFACTORY.OBJ
E:\WORKSPACE\ACTIVEMQ-CPP-LIBRARY-3.9.3\VS2010-BUILD\WIN32\DEBUG\ACTIVEMQ-CPP\FAILOVERTRANSPORTLISTENER.OBJ
E:\WORKSPACE\ACTIVEMQ-CPP-LIBRARY-3.9.3\VS2010-BUILD\WIN32\DEBUG\ACTIVEMQ-CPP\FIFOMESSAGEDISPATCHCHANNEL.OBJ
E:\WORKSPACE\ACTIVEMQ-CPP-LIBRARY-3.9.3\VS2010-BUILD\WIN32\DEBUG\ACTIVEMQ-CPP\FILEDESCRIPTOR.OBJ
E:\WORKSPACE\ACTIVEMQ-CPP-LIBRARY-3.9.3\VS2010-BUILD\WIN32\DEBUG\ACTIVEMQ-CPP\FILEHANDLER.OBJ
E:\WORKSPACE\ACTIVEMQ-CPP-LIBRARY-3.9.3\VS2010-BUILD\WIN32\DEBUG\ACTIVEMQ-CPP\FILENAMEMAP.OBJ
E:\WORKSPACE\ACTIVEMQ-CPP-LIBRARY-3.9.3\VS2010-BUILD\WIN32\DEBUG\ACTIVEMQ-CPP\FILTERINPUTSTREAM.OBJ
E:\WORKSPACE\ACTIVEMQ-CPP-LIBRARY-3.9.3\VS2010-BUILD\WIN32\DEBUG\ACTIVEMQ-CPP\FILTEROUTPUTSTREAM.OBJ
E:\WORKSPACE\ACTIVEMQ-CPP-LIBRARY-3.9.3\VS2010-BUILD\WIN32\DEBUG\ACTIVEMQ-CPP\FLOAT.OBJ
E:\WORKSPACE\ACTIVEMQ-CPP-LIBRARY-3.9.3\VS2010-BUILD\WIN32\DEBUG\ACTIVEMQ-CPP\FLOATARRAYBUFFER.OBJ
E:\WORKSPACE\ACTIVEMQ-CPP-LIBRARY-3.9.3\VS2010-BUILD\WIN32\DEBUG\ACTIVEMQ-CPP\FLOATBUFFER.OBJ
E:\WORKSPACE\ACTIVEMQ-CPP-LIBRARY-3.9.3\VS2010-BUILD\WIN32\DEBUG\ACTIVEMQ-CPP\FLUSHABLE.OBJ
E:\WORKSPACE\ACTIVEMQ-CPP-LIBRARY-3.9.3\VS2010-BUILD\WIN32\DEBUG\ACTIVEMQ-CPP\FLUSHCOMMAND.OBJ
E:\WORKSPACE\ACTIVEMQ-CPP-LIBRARY-3.9.3\VS2010-BUILD\WIN32\DEBUG\ACTIVEMQ-CPP\FLUSHCOMMANDMARSHALLER.OBJ
E:\WORKSPACE\ACTIVEMQ-CPP-LIBRARY-3.9.3\VS2010-BUILD\WIN32\DEBUG\ACTIVEMQ-CPP\FORMATTER.OBJ
E:\WORKSPACE\ACTIVEMQ-CPP-LIBRARY-3.9.3\VS2010-BUILD\WIN32\DEBUG\ACTIVEMQ-CPP\FUTURE.OBJ
E:\WORKSPACE\ACTIVEMQ-CPP-LIBRARY-3.9.3\VS2010-BUILD\WIN32\DEBUG\ACTIVEMQ-CPP\FUTURERESPONSE.OBJ
E:\WORKSPACE\ACTIVEMQ-CPP-LIBRARY-3.9.3\VS2010-BUILD\WIN32\DEBUG\ACTIVEMQ-CPP\FUTURETASK.OBJ
E:\WORKSPACE\ACTIVEMQ-CPP-LIBRARY-3.9.3\VS2010-BUILD\WIN32\DEBUG\ACTIVEMQ-CPP\GENERALSECURITYEXCEPTION.OBJ
E:\WORKSPACE\ACTIVEMQ-CPP-LIBRARY-3.9.3\VS2010-BUILD\WIN32\DEBUG\ACTIVEMQ-CPP\GENERICRESOURCE.OBJ
E:\WORKSPACE\ACTIVEMQ-CPP-LIBRARY-3.9.3\VS2010-BUILD\WIN32\DEBUG\ACTIVEMQ-CPP\GZCLOSE.OBJ
E:\WORKSPACE\ACTIVEMQ-CPP-LIBRARY-3.9.3\VS2010-BUILD\WIN32\DEBUG\ACTIVEMQ-CPP\GZLIB.OBJ
E:\WORKSPACE\ACTIVEMQ-CPP-LIBRARY-3.9.3\VS2010-BUILD\WIN32\DEBUG\ACTIVEMQ-CPP\GZREAD.OBJ
E:\WORKSPACE\ACTIVEMQ-CPP-LIBRARY-3.9.3\VS2010-BUILD\WIN32\DEBUG\ACTIVEMQ-CPP\GZWRITE.OBJ
E:\WORKSPACE\ACTIVEMQ-CPP-LIBRARY-3.9.3\VS2010-BUILD\WIN32\DEBUG\ACTIVEMQ-CPP\HANDLER.OBJ
E:\WORKSPACE\ACTIVEMQ-CPP-LIBRARY-3.9.3\VS2010-BUILD\WIN32\DEBUG\ACTIVEMQ-CPP\HASHCODE.OBJ
E:\WORKSPACE\ACTIVEMQ-CPP-LIBRARY-3.9.3\VS2010-BUILD\WIN32\DEBUG\ACTIVEMQ-CPP\HASHMAP.OBJ
E:\WORKSPACE\ACTIVEMQ-CPP-LIBRARY-3.9.3\VS2010-BUILD\WIN32\DEBUG\ACTIVEMQ-CPP\HASHSET.OBJ
E:\WORKSPACE\ACTIVEMQ-CPP-LIBRARY-3.9.3\VS2010-BUILD\WIN32\DEBUG\ACTIVEMQ-CPP\HEXSTRINGPARSER.OBJ
E:\WORKSPACE\ACTIVEMQ-CPP-LIBRARY-3.9.3\VS2010-BUILD\WIN32\DEBUG\ACTIVEMQ-CPP\HEXTABLE.OBJ
E:\WORKSPACE\ACTIVEMQ-CPP-LIBRARY-3.9.3\VS2010-BUILD\WIN32\DEBUG\ACTIVEMQ-CPP\HTTPHANDLER.OBJ
E:\WORKSPACE\ACTIVEMQ-CPP-LIBRARY-3.9.3\VS2010-BUILD\WIN32\DEBUG\ACTIVEMQ-CPP\HTTPRETRYEXCEPTION.OBJ
E:\WORKSPACE\ACTIVEMQ-CPP-LIBRARY-3.9.3\VS2010-BUILD\WIN32\DEBUG\ACTIVEMQ-CPP\HTTPSHANDLER.OBJ
E:\WORKSPACE\ACTIVEMQ-CPP-LIBRARY-3.9.3\VS2010-BUILD\WIN32\DEBUG\ACTIVEMQ-CPP\HTTPURLCONNECTION.OBJ
E:\WORKSPACE\ACTIVEMQ-CPP-LIBRARY-3.9.3\VS2010-BUILD\WIN32\DEBUG\ACTIVEMQ-CPP\IDGENERATOR.OBJ
E:\WORKSPACE\ACTIVEMQ-CPP-LIBRARY-3.9.3\VS2010-BUILD\WIN32\DEBUG\ACTIVEMQ-CPP\ILLEGALARGUMENTEXCEPTION.OBJ
E:\WORKSPACE\ACTIVEMQ-CPP-LIBRARY-3.9.3\VS2010-BUILD\WIN32\DEBUG\ACTIVEMQ-CPP\ILLEGALMONITORSTATEEXCEPTION.OBJ
E:\WORKSPACE\ACTIVEMQ-CPP-LIBRARY-3.9.3\VS2010-BUILD\WIN32\DEBUG\ACTIVEMQ-CPP\ILLEGALSTATEEXCEPTION.OBJ
E:\WORKSPACE\ACTIVEMQ-CPP-LIBRARY-3.9.3\VS2010-BUILD\WIN32\DEBUG\ACTIVEMQ-CPP\ILLEGALSTATEEXCEPTIONCMS.OBJ
E:\WORKSPACE\ACTIVEMQ-CPP-LIBRARY-3.9.3\VS2010-BUILD\WIN32\DEBUG\ACTIVEMQ-CPP\ILLEGALTHREADSTATEEXCEPTION.OBJ
E:\WORKSPACE\ACTIVEMQ-CPP-LIBRARY-3.9.3\VS2010-BUILD\WIN32\DEBUG\ACTIVEMQ-CPP\INACTIVITYMONITOR.OBJ
E:\WORKSPACE\ACTIVEMQ-CPP-LIBRARY-3.9.3\VS2010-BUILD\WIN32\DEBUG\ACTIVEMQ-CPP\INDEXOUTOFBOUNDSEXCEPTION.OBJ
E:\WORKSPACE\ACTIVEMQ-CPP-LIBRARY-3.9.3\VS2010-BUILD\WIN32\DEBUG\ACTIVEMQ-CPP\INET4ADDRESS.OBJ
E:\WORKSPACE\ACTIVEMQ-CPP-LIBRARY-3.9.3\VS2010-BUILD\WIN32\DEBUG\ACTIVEMQ-CPP\INET6ADDRESS.OBJ
E:\WORKSPACE\ACTIVEMQ-CPP-LIBRARY-3.9.3\VS2010-BUILD\WIN32\DEBUG\ACTIVEMQ-CPP\INETADDRESS.OBJ
E:\WORKSPACE\ACTIVEMQ-CPP-LIBRARY-3.9.3\VS2010-BUILD\WIN32\DEBUG\ACTIVEMQ-CPP\INETSOCKETADDRESS.OBJ
E:\WORKSPACE\ACTIVEMQ-CPP-LIBRARY-3.9.3\VS2010-BUILD\WIN32\DEBUG\ACTIVEMQ-CPP\INFBACK.OBJ
E:\WORKSPACE\ACTIVEMQ-CPP-LIBRARY-3.9.3\VS2010-BUILD\WIN32\DEBUG\ACTIVEMQ-CPP\INFFAST.OBJ
E:\WORKSPACE\ACTIVEMQ-CPP-LIBRARY-3.9.3\VS2010-BUILD\WIN32\DEBUG\ACTIVEMQ-CPP\INFLATE.OBJ
E:\WORKSPACE\ACTIVEMQ-CPP-LIBRARY-3.9.3\VS2010-BUILD\WIN32\DEBUG\ACTIVEMQ-CPP\INFLATER.OBJ
E:\WORKSPACE\ACTIVEMQ-CPP-LIBRARY-3.9.3\VS2010-BUILD\WIN32\DEBUG\ACTIVEMQ-CPP\INFLATERINPUTSTREAM.OBJ
E:\WORKSPACE\ACTIVEMQ-CPP-LIBRARY-3.9.3\VS2010-BUILD\WIN32\DEBUG\ACTIVEMQ-CPP\INFTREES.OBJ
E:\WORKSPACE\ACTIVEMQ-CPP-LIBRARY-3.9.3\VS2010-BUILD\WIN32\DEBUG\ACTIVEMQ-CPP\INPUTSTREAM.OBJ
E:\WORKSPACE\ACTIVEMQ-CPP-LIBRARY-3.9.3\VS2010-BUILD\WIN32\DEBUG\ACTIVEMQ-CPP\INPUTSTREAMREADER.OBJ
E:\WORKSPACE\ACTIVEMQ-CPP-LIBRARY-3.9.3\VS2010-BUILD\WIN32\DEBUG\ACTIVEMQ-CPP\INTARRAYBUFFER.OBJ
E:\WORKSPACE\ACTIVEMQ-CPP-LIBRARY-3.9.3\VS2010-BUILD\WIN32\DEBUG\ACTIVEMQ-CPP\INTBUFFER.OBJ
E:\WORKSPACE\ACTIVEMQ-CPP-LIBRARY-3.9.3\VS2010-BUILD\WIN32\DEBUG\ACTIVEMQ-CPP\INTEGER.OBJ
E:\WORKSPACE\ACTIVEMQ-CPP-LIBRARY-3.9.3\VS2010-BUILD\WIN32\DEBUG\ACTIVEMQ-CPP\INTEGERRESPONSE.OBJ
E:\WORKSPACE\ACTIVEMQ-CPP-LIBRARY-3.9.3\VS2010-BUILD\WIN32\DEBUG\ACTIVEMQ-CPP\INTEGERRESPONSEMARSHALLER.OBJ
E:\WORKSPACE\ACTIVEMQ-CPP-LIBRARY-3.9.3\VS2010-BUILD\WIN32\DEBUG\ACTIVEMQ-CPP\INTERNALCOMMANDLISTENER.OBJ
E:\WORKSPACE\ACTIVEMQ-CPP-LIBRARY-3.9.3\VS2010-BUILD\WIN32\DEBUG\ACTIVEMQ-CPP\INTERRUPTEDEXCEPTION.OBJ
E:\WORKSPACE\ACTIVEMQ-CPP-LIBRARY-3.9.3\VS2010-BUILD\WIN32\DEBUG\ACTIVEMQ-CPP\INTERRUPTEDIOEXCEPTION.OBJ
E:\WORKSPACE\ACTIVEMQ-CPP-LIBRARY-3.9.3\VS2010-BUILD\WIN32\DEBUG\ACTIVEMQ-CPP\INVALIDCLIENTIDEXCEPTIONCMS.OBJ
E:\WORKSPACE\ACTIVEMQ-CPP-LIBRARY-3.9.3\VS2010-BUILD\WIN32\DEBUG\ACTIVEMQ-CPP\INVALIDDESTINATIONEXCEPTIONCMS.OBJ
E:\WORKSPACE\ACTIVEMQ-CPP-LIBRARY-3.9.3\VS2010-BUILD\WIN32\DEBUG\ACTIVEMQ-CPP\INVALIDKEYEXCEPTION.OBJ
E:\WORKSPACE\ACTIVEMQ-CPP-LIBRARY-3.9.3\VS2010-BUILD\WIN32\DEBUG\ACTIVEMQ-CPP\INVALIDMARKEXCEPTION.OBJ
E:\WORKSPACE\ACTIVEMQ-CPP-LIBRARY-3.9.3\VS2010-BUILD\WIN32\DEBUG\ACTIVEMQ-CPP\INVALIDSELECTOREXCEPTIONCMS.OBJ
E:\WORKSPACE\ACTIVEMQ-CPP-LIBRARY-3.9.3\VS2010-BUILD\WIN32\DEBUG\ACTIVEMQ-CPP\INVALIDSTATEEXCEPTION.OBJ
E:\WORKSPACE\ACTIVEMQ-CPP-LIBRARY-3.9.3\VS2010-BUILD\WIN32\DEBUG\ACTIVEMQ-CPP\IOEXCEPTION.OBJ
E:\WORKSPACE\ACTIVEMQ-CPP-LIBRARY-3.9.3\VS2010-BUILD\WIN32\DEBUG\ACTIVEMQ-CPP\IOTRANSPORT.OBJ
E:\WORKSPACE\ACTIVEMQ-CPP-LIBRARY-3.9.3\VS2010-BUILD\WIN32\DEBUG\ACTIVEMQ-CPP\ITERABLE.OBJ
E:\WORKSPACE\ACTIVEMQ-CPP-LIBRARY-3.9.3\VS2010-BUILD\WIN32\DEBUG\ACTIVEMQ-CPP\ITERATOR.OBJ
E:\WORKSPACE\ACTIVEMQ-CPP-LIBRARY-3.9.3\VS2010-BUILD\WIN32\DEBUG\ACTIVEMQ-CPP\JOURNALQUEUEACK.OBJ
E:\WORKSPACE\ACTIVEMQ-CPP-LIBRARY-3.9.3\VS2010-BUILD\WIN32\DEBUG\ACTIVEMQ-CPP\JOURNALQUEUEACKMARSHALLER.OBJ
E:\WORKSPACE\ACTIVEMQ-CPP-LIBRARY-3.9.3\VS2010-BUILD\WIN32\DEBUG\ACTIVEMQ-CPP\JOURNALTOPICACK.OBJ
E:\WORKSPACE\ACTIVEMQ-CPP-LIBRARY-3.9.3\VS2010-BUILD\WIN32\DEBUG\ACTIVEMQ-CPP\JOURNALTOPICACKMARSHALLER.OBJ
E:\WORKSPACE\ACTIVEMQ-CPP-LIBRARY-3.9.3\VS2010-BUILD\WIN32\DEBUG\ACTIVEMQ-CPP\JOURNALTRACE.OBJ
E:\WORKSPACE\ACTIVEMQ-CPP-LIBRARY-3.9.3\VS2010-BUILD\WIN32\DEBUG\ACTIVEMQ-CPP\JOURNALTRACEMARSHALLER.OBJ
E:\WORKSPACE\ACTIVEMQ-CPP-LIBRARY-3.9.3\VS2010-BUILD\WIN32\DEBUG\ACTIVEMQ-CPP\JOURNALTRANSACTION.OBJ
E:\WORKSPACE\ACTIVEMQ-CPP-LIBRARY-3.9.3\VS2010-BUILD\WIN32\DEBUG\ACTIVEMQ-CPP\JOURNALTRANSACTIONMARSHALLER.OBJ
E:\WORKSPACE\ACTIVEMQ-CPP-LIBRARY-3.9.3\VS2010-BUILD\WIN32\DEBUG\ACTIVEMQ-CPP\KEEPALIVEINFO.OBJ
E:\WORKSPACE\ACTIVEMQ-CPP-LIBRARY-3.9.3\VS2010-BUILD\WIN32\DEBUG\ACTIVEMQ-CPP\KEEPALIVEINFOMARSHALLER.OBJ
E:\WORKSPACE\ACTIVEMQ-CPP-LIBRARY-3.9.3\VS2010-BUILD\WIN32\DEBUG\ACTIVEMQ-CPP\KEY.OBJ
E:\WORKSPACE\ACTIVEMQ-CPP-LIBRARY-3.9.3\VS2010-BUILD\WIN32\DEBUG\ACTIVEMQ-CPP\KEYEXCEPTION.OBJ
E:\WORKSPACE\ACTIVEMQ-CPP-LIBRARY-3.9.3\VS2010-BUILD\WIN32\DEBUG\ACTIVEMQ-CPP\KEYMANAGEMENTEXCEPTION.OBJ
E:\WORKSPACE\ACTIVEMQ-CPP-LIBRARY-3.9.3\VS2010-BUILD\WIN32\DEBUG\ACTIVEMQ-CPP\LASTPARTIALCOMMAND.OBJ
E:\WORKSPACE\ACTIVEMQ-CPP-LIBRARY-3.9.3\VS2010-BUILD\WIN32\DEBUG\ACTIVEMQ-CPP\LASTPARTIALCOMMANDMARSHALLER.OBJ
E:\WORKSPACE\ACTIVEMQ-CPP-LIBRARY-3.9.3\VS2010-BUILD\WIN32\DEBUG\ACTIVEMQ-CPP\LESS.OBJ
E:\WORKSPACE\ACTIVEMQ-CPP-LIBRARY-3.9.3\VS2010-BUILD\WIN32\DEBUG\ACTIVEMQ-CPP\LEVEL.OBJ
E:\workspace\activemq-cpp-library-3.9.3\vs2010-build\Win32\Debug\activemq-cpp\lib.command.1.tlog
E:\workspace\activemq-cpp-library-3.9.3\vs2010-build\Win32\Debug\activemq-cpp\Lib.read.1.tlog
E:\workspace\activemq-cpp-library-3.9.3\vs2010-build\Win32\Debug\activemq-cpp\Lib-link.read.1.tlog
E:\workspace\activemq-cpp-library-3.9.3\vs2010-build\Win32\Debug\activemq-cpp\Lib-link.write.1.tlog
E:\WORKSPACE\ACTIVEMQ-CPP-LIBRARY-3.9.3\VS2010-BUILD\WIN32\DEBUG\ACTIVEMQ-CPP\LINKEDBLOCKINGQUEUE.OBJ
E:\WORKSPACE\ACTIVEMQ-CPP-LIBRARY-3.9.3\VS2010-BUILD\WIN32\DEBUG\ACTIVEMQ-CPP\LINKEDHASHMAP.OBJ
E:\WORKSPACE\ACTIVEMQ-CPP-LIBRARY-3.9.3\VS2010-BUILD\WIN32\DEBUG\ACTIVEMQ-CPP\LINKEDHASHSET.OBJ
E:\WORKSPACE\ACTIVEMQ-CPP-LIBRARY-3.9.3\VS2010-BUILD\WIN32\DEBUG\ACTIVEMQ-CPP\LINKEDLIST.OBJ
E:\WORKSPACE\ACTIVEMQ-CPP-LIBRARY-3.9.3\VS2010-BUILD\WIN32\DEBUG\ACTIVEMQ-CPP\LIST.OBJ
E:\WORKSPACE\ACTIVEMQ-CPP-LIBRARY-3.9.3\VS2010-BUILD\WIN32\DEBUG\ACTIVEMQ-CPP\LISTITERATOR.OBJ
E:\WORKSPACE\ACTIVEMQ-CPP-LIBRARY-3.9.3\VS2010-BUILD\WIN32\DEBUG\ACTIVEMQ-CPP\LOCALTRANSACTIONID.OBJ
E:\WORKSPACE\ACTIVEMQ-CPP-LIBRARY-3.9.3\VS2010-BUILD\WIN32\DEBUG\ACTIVEMQ-CPP\LOCALTRANSACTIONIDMARSHALLER.OBJ
E:\WORKSPACE\ACTIVEMQ-CPP-LIBRARY-3.9.3\VS2010-BUILD\WIN32\DEBUG\ACTIVEMQ-CPP\LOCK.OBJ
E:\WORKSPACE\ACTIVEMQ-CPP-LIBRARY-3.9.3\VS2010-BUILD\WIN32\DEBUG\ACTIVEMQ-CPP\LOCKDECAF.OBJ
E:\WORKSPACE\ACTIVEMQ-CPP-LIBRARY-3.9.3\VS2010-BUILD\WIN32\DEBUG\ACTIVEMQ-CPP\LOCKSUPPORT.OBJ
E:\WORKSPACE\ACTIVEMQ-CPP-LIBRARY-3.9.3\VS2010-BUILD\WIN32\DEBUG\ACTIVEMQ-CPP\LOGGER.OBJ
E:\WORKSPACE\ACTIVEMQ-CPP-LIBRARY-3.9.3\VS2010-BUILD\WIN32\DEBUG\ACTIVEMQ-CPP\LOGGERHIERARCHY.OBJ
E:\WORKSPACE\ACTIVEMQ-CPP-LIBRARY-3.9.3\VS2010-BUILD\WIN32\DEBUG\ACTIVEMQ-CPP\LOGGINGINPUTSTREAM.OBJ
E:\WORKSPACE\ACTIVEMQ-CPP-LIBRARY-3.9.3\VS2010-BUILD\WIN32\DEBUG\ACTIVEMQ-CPP\LOGGINGOUTPUTSTREAM.OBJ
E:\WORKSPACE\ACTIVEMQ-CPP-LIBRARY-3.9.3\VS2010-BUILD\WIN32\DEBUG\ACTIVEMQ-CPP\LOGGINGTRANSPORT.OBJ
E:\WORKSPACE\ACTIVEMQ-CPP-LIBRARY-3.9.3\VS2010-BUILD\WIN32\DEBUG\ACTIVEMQ-CPP\LOGMANAGER.OBJ
E:\WORKSPACE\ACTIVEMQ-CPP-LIBRARY-3.9.3\VS2010-BUILD\WIN32\DEBUG\ACTIVEMQ-CPP\LOGRECORD.OBJ
E:\WORKSPACE\ACTIVEMQ-CPP-LIBRARY-3.9.3\VS2010-BUILD\WIN32\DEBUG\ACTIVEMQ-CPP\LOGWRITER.OBJ
E:\WORKSPACE\ACTIVEMQ-CPP-LIBRARY-3.9.3\VS2010-BUILD\WIN32\DEBUG\ACTIVEMQ-CPP\LONG.OBJ
E:\WORKSPACE\ACTIVEMQ-CPP-LIBRARY-3.9.3\VS2010-BUILD\WIN32\DEBUG\ACTIVEMQ-CPP\LONGARRAYBUFFER.OBJ
E:\WORKSPACE\ACTIVEMQ-CPP-LIBRARY-3.9.3\VS2010-BUILD\WIN32\DEBUG\ACTIVEMQ-CPP\LONGBUFFER.OBJ
E:\WORKSPACE\ACTIVEMQ-CPP-LIBRARY-3.9.3\VS2010-BUILD\WIN32\DEBUG\ACTIVEMQ-CPP\LONGSEQUENCEGENERATOR.OBJ
E:\WORKSPACE\ACTIVEMQ-CPP-LIBRARY-3.9.3\VS2010-BUILD\WIN32\DEBUG\ACTIVEMQ-CPP\LRUCACHE.OBJ
E:\WORKSPACE\ACTIVEMQ-CPP-LIBRARY-3.9.3\VS2010-BUILD\WIN32\DEBUG\ACTIVEMQ-CPP\MALFORMEDURLEXCEPTION.OBJ
E:\WORKSPACE\ACTIVEMQ-CPP-LIBRARY-3.9.3\VS2010-BUILD\WIN32\DEBUG\ACTIVEMQ-CPP\MAP.OBJ
E:\WORKSPACE\ACTIVEMQ-CPP-LIBRARY-3.9.3\VS2010-BUILD\WIN32\DEBUG\ACTIVEMQ-CPP\MAPENTRY.OBJ
E:\WORKSPACE\ACTIVEMQ-CPP-LIBRARY-3.9.3\VS2010-BUILD\WIN32\DEBUG\ACTIVEMQ-CPP\MAPMESSAGECMS.OBJ
E:\WORKSPACE\ACTIVEMQ-CPP-LIBRARY-3.9.3\VS2010-BUILD\WIN32\DEBUG\ACTIVEMQ-CPP\MARSHALAWARE.OBJ
E:\WORKSPACE\ACTIVEMQ-CPP-LIBRARY-3.9.3\VS2010-BUILD\WIN32\DEBUG\ACTIVEMQ-CPP\MARSHALLERFACTORY.OBJ
E:\WORKSPACE\ACTIVEMQ-CPP-LIBRARY-3.9.3\VS2010-BUILD\WIN32\DEBUG\ACTIVEMQ-CPP\MARSHALLINGSUPPORT.OBJ
E:\WORKSPACE\ACTIVEMQ-CPP-LIBRARY-3.9.3\VS2010-BUILD\WIN32\DEBUG\ACTIVEMQ-CPP\MATH.OBJ
E:\WORKSPACE\ACTIVEMQ-CPP-LIBRARY-3.9.3\VS2010-BUILD\WIN32\DEBUG\ACTIVEMQ-CPP\MD4MESSAGEDIGESTSPI.OBJ
E:\WORKSPACE\ACTIVEMQ-CPP-LIBRARY-3.9.3\VS2010-BUILD\WIN32\DEBUG\ACTIVEMQ-CPP\MD5MESSAGEDIGESTSPI.OBJ
E:\WORKSPACE\ACTIVEMQ-CPP-LIBRARY-3.9.3\VS2010-BUILD\WIN32\DEBUG\ACTIVEMQ-CPP\MEMORYUSAGE.OBJ
E:\WORKSPACE\ACTIVEMQ-CPP-LIBRARY-3.9.3\VS2010-BUILD\WIN32\DEBUG\ACTIVEMQ-CPP\MESSAGE.OBJ
E:\WORKSPACE\ACTIVEMQ-CPP-LIBRARY-3.9.3\VS2010-BUILD\WIN32\DEBUG\ACTIVEMQ-CPP\MESSAGEACK.OBJ
E:\WORKSPACE\ACTIVEMQ-CPP-LIBRARY-3.9.3\VS2010-BUILD\WIN32\DEBUG\ACTIVEMQ-CPP\MESSAGEACKMARSHALLER.OBJ
E:\WORKSPACE\ACTIVEMQ-CPP-LIBRARY-3.9.3\VS2010-BUILD\WIN32\DEBUG\ACTIVEMQ-CPP\MESSAGEAVAILABLELISTENERCMS.OBJ
E:\WORKSPACE\ACTIVEMQ-CPP-LIBRARY-3.9.3\VS2010-BUILD\WIN32\DEBUG\ACTIVEMQ-CPP\MESSAGECMS.OBJ
E:\WORKSPACE\ACTIVEMQ-CPP-LIBRARY-3.9.3\VS2010-BUILD\WIN32\DEBUG\ACTIVEMQ-CPP\MESSAGECONSUMERCMS.OBJ
E:\WORKSPACE\ACTIVEMQ-CPP-LIBRARY-3.9.3\VS2010-BUILD\WIN32\DEBUG\ACTIVEMQ-CPP\MESSAGECREATOR.OBJ
E:\WORKSPACE\ACTIVEMQ-CPP-LIBRARY-3.9.3\VS2010-BUILD\WIN32\DEBUG\ACTIVEMQ-CPP\MESSAGEDIGEST.OBJ
E:\WORKSPACE\ACTIVEMQ-CPP-LIBRARY-3.9.3\VS2010-BUILD\WIN32\DEBUG\ACTIVEMQ-CPP\MESSAGEDIGESTSPI.OBJ
E:\WORKSPACE\ACTIVEMQ-CPP-LIBRARY-3.9.3\VS2010-BUILD\WIN32\DEBUG\ACTIVEMQ-CPP\MESSAGEDISPATCH.OBJ
E:\WORKSPACE\ACTIVEMQ-CPP-LIBRARY-3.9.3\VS2010-BUILD\WIN32\DEBUG\ACTIVEMQ-CPP\MESSAGEDISPATCHCHANNEL.OBJ
E:\WORKSPACE\ACTIVEMQ-CPP-LIBRARY-3.9.3\VS2010-BUILD\WIN32\DEBUG\ACTIVEMQ-CPP\MESSAGEDISPATCHMARSHALLER.OBJ
E:\WORKSPACE\ACTIVEMQ-CPP-LIBRARY-3.9.3\VS2010-BUILD\WIN32\DEBUG\ACTIVEMQ-CPP\MESSAGEDISPATCHNOTIFICATION.OBJ
E:\WORKSPACE\ACTIVEMQ-CPP-LIBRARY-3.9.3\VS2010-BUILD\WIN32\DEBUG\ACTIVEMQ-CPP\MESSAGEDISPATCHNOTIFICATIONMARSHALLER.OBJ
E:\WORKSPACE\ACTIVEMQ-CPP-LIBRARY-3.9.3\VS2010-BUILD\WIN32\DEBUG\ACTIVEMQ-CPP\MESSAGEENUMERATIONCMS.OBJ
E:\WORKSPACE\ACTIVEMQ-CPP-LIBRARY-3.9.3\VS2010-BUILD\WIN32\DEBUG\ACTIVEMQ-CPP\MESSAGEEOFEXCEPTIONCMS.OBJ
E:\WORKSPACE\ACTIVEMQ-CPP-LIBRARY-3.9.3\VS2010-BUILD\WIN32\DEBUG\ACTIVEMQ-CPP\MESSAGEFORMATEXCEPTIONCMS.OBJ
E:\WORKSPACE\ACTIVEMQ-CPP-LIBRARY-3.9.3\VS2010-BUILD\WIN32\DEBUG\ACTIVEMQ-CPP\MESSAGEID.OBJ
E:\WORKSPACE\ACTIVEMQ-CPP-LIBRARY-3.9.3\VS2010-BUILD\WIN32\DEBUG\ACTIVEMQ-CPP\MESSAGEIDMARSHALLER.OBJ
E:\WORKSPACE\ACTIVEMQ-CPP-LIBRARY-3.9.3\VS2010-BUILD\WIN32\DEBUG\ACTIVEMQ-CPP\MESSAGELISTENERCMS.OBJ
E:\WORKSPACE\ACTIVEMQ-CPP-LIBRARY-3.9.3\VS2010-BUILD\WIN32\DEBUG\ACTIVEMQ-CPP\MESSAGEMARSHALLER.OBJ
E:\WORKSPACE\ACTIVEMQ-CPP-LIBRARY-3.9.3\VS2010-BUILD\WIN32\DEBUG\ACTIVEMQ-CPP\MESSAGENOTREADABLEEXCEPTIONCMS.OBJ
E:\WORKSPACE\ACTIVEMQ-CPP-LIBRARY-3.9.3\VS2010-BUILD\WIN32\DEBUG\ACTIVEMQ-CPP\MESSAGENOTWRITEABLEEXCEPTIONCMS.OBJ
E:\WORKSPACE\ACTIVEMQ-CPP-LIBRARY-3.9.3\VS2010-BUILD\WIN32\DEBUG\ACTIVEMQ-CPP\MESSAGEPRODUCERCMS.OBJ
E:\WORKSPACE\ACTIVEMQ-CPP-LIBRARY-3.9.3\VS2010-BUILD\WIN32\DEBUG\ACTIVEMQ-CPP\MESSAGEPROPERTYINTERCEPTOR.OBJ
E:\WORKSPACE\ACTIVEMQ-CPP-LIBRARY-3.9.3\VS2010-BUILD\WIN32\DEBUG\ACTIVEMQ-CPP\MESSAGEPULL.OBJ
E:\WORKSPACE\ACTIVEMQ-CPP-LIBRARY-3.9.3\VS2010-BUILD\WIN32\DEBUG\ACTIVEMQ-CPP\MESSAGEPULLMARSHALLER.OBJ
E:\WORKSPACE\ACTIVEMQ-CPP-LIBRARY-3.9.3\VS2010-BUILD\WIN32\DEBUG\ACTIVEMQ-CPP\MESSAGETRANSFORMERCMS.OBJ
E:\WORKSPACE\ACTIVEMQ-CPP-LIBRARY-3.9.3\VS2010-BUILD\WIN32\DEBUG\ACTIVEMQ-CPP\MOCKTRANSPORT.OBJ
E:\WORKSPACE\ACTIVEMQ-CPP-LIBRARY-3.9.3\VS2010-BUILD\WIN32\DEBUG\ACTIVEMQ-CPP\MOCKTRANSPORTFACTORY.OBJ
E:\WORKSPACE\ACTIVEMQ-CPP-LIBRARY-3.9.3\VS2010-BUILD\WIN32\DEBUG\ACTIVEMQ-CPP\MUTEX.OBJ
E:\WORKSPACE\ACTIVEMQ-CPP-LIBRARY-3.9.3\VS2010-BUILD\WIN32\DEBUG\ACTIVEMQ-CPP\NEGATIVEARRAYSIZEEXCEPTION.OBJ
E:\WORKSPACE\ACTIVEMQ-CPP-LIBRARY-3.9.3\VS2010-BUILD\WIN32\DEBUG\ACTIVEMQ-CPP\NETWORK.OBJ
E:\WORKSPACE\ACTIVEMQ-CPP-LIBRARY-3.9.3\VS2010-BUILD\WIN32\DEBUG\ACTIVEMQ-CPP\NETWORKBRIDGEFILTER.OBJ
E:\WORKSPACE\ACTIVEMQ-CPP-LIBRARY-3.9.3\VS2010-BUILD\WIN32\DEBUG\ACTIVEMQ-CPP\NETWORKBRIDGEFILTERMARSHALLER.OBJ
E:\WORKSPACE\ACTIVEMQ-CPP-LIBRARY-3.9.3\VS2010-BUILD\WIN32\DEBUG\ACTIVEMQ-CPP\NOROUTETOHOSTEXCEPTION.OBJ
E:\WORKSPACE\ACTIVEMQ-CPP-LIBRARY-3.9.3\VS2010-BUILD\WIN32\DEBUG\ACTIVEMQ-CPP\NOSUCHALGORITHMEXCEPTION.OBJ
E:\WORKSPACE\ACTIVEMQ-CPP-LIBRARY-3.9.3\VS2010-BUILD\WIN32\DEBUG\ACTIVEMQ-CPP\NOSUCHELEMENTEXCEPTION.OBJ
E:\WORKSPACE\ACTIVEMQ-CPP-LIBRARY-3.9.3\VS2010-BUILD\WIN32\DEBUG\ACTIVEMQ-CPP\NOSUCHPROVIDEREXCEPTION.OBJ
E:\WORKSPACE\ACTIVEMQ-CPP-LIBRARY-3.9.3\VS2010-BUILD\WIN32\DEBUG\ACTIVEMQ-CPP\NULLPOINTEREXCEPTION.OBJ
E:\WORKSPACE\ACTIVEMQ-CPP-LIBRARY-3.9.3\VS2010-BUILD\WIN32\DEBUG\ACTIVEMQ-CPP\NUMBER.OBJ
E:\WORKSPACE\ACTIVEMQ-CPP-LIBRARY-3.9.3\VS2010-BUILD\WIN32\DEBUG\ACTIVEMQ-CPP\NUMBERFORMATEXCEPTION.OBJ
E:\WORKSPACE\ACTIVEMQ-CPP-LIBRARY-3.9.3\VS2010-BUILD\WIN32\DEBUG\ACTIVEMQ-CPP\OBJECTMESSAGECMS.OBJ
E:\WORKSPACE\ACTIVEMQ-CPP-LIBRARY-3.9.3\VS2010-BUILD\WIN32\DEBUG\ACTIVEMQ-CPP\OPENSSLCONTEXTSPI.OBJ
E:\WORKSPACE\ACTIVEMQ-CPP-LIBRARY-3.9.3\VS2010-BUILD\WIN32\DEBUG\ACTIVEMQ-CPP\OPENSSLPARAMETERS.OBJ
E:\WORKSPACE\ACTIVEMQ-CPP-LIBRARY-3.9.3\VS2010-BUILD\WIN32\DEBUG\ACTIVEMQ-CPP\OPENSSLSERVERSOCKET.OBJ
E:\WORKSPACE\ACTIVEMQ-CPP-LIBRARY-3.9.3\VS2010-BUILD\WIN32\DEBUG\ACTIVEMQ-CPP\OPENSSLSERVERSOCKETFACTORY.OBJ
E:\WORKSPACE\ACTIVEMQ-CPP-LIBRARY-3.9.3\VS2010-BUILD\WIN32\DEBUG\ACTIVEMQ-CPP\OPENSSLSOCKET.OBJ
E:\WORKSPACE\ACTIVEMQ-CPP-LIBRARY-3.9.3\VS2010-BUILD\WIN32\DEBUG\ACTIVEMQ-CPP\OPENSSLSOCKETEXCEPTION.OBJ
E:\WORKSPACE\ACTIVEMQ-CPP-LIBRARY-3.9.3\VS2010-BUILD\WIN32\DEBUG\ACTIVEMQ-CPP\OPENSSLSOCKETFACTORY.OBJ
E:\WORKSPACE\ACTIVEMQ-CPP-LIBRARY-3.9.3\VS2010-BUILD\WIN32\DEBUG\ACTIVEMQ-CPP\OPENSSLSOCKETINPUTSTREAM.OBJ
E:\WORKSPACE\ACTIVEMQ-CPP-LIBRARY-3.9.3\VS2010-BUILD\WIN32\DEBUG\ACTIVEMQ-CPP\OPENSSLSOCKETOUTPUTSTREAM.OBJ
E:\WORKSPACE\ACTIVEMQ-CPP-LIBRARY-3.9.3\VS2010-BUILD\WIN32\DEBUG\ACTIVEMQ-CPP\OPENWIREFORMAT.OBJ
E:\WORKSPACE\ACTIVEMQ-CPP-LIBRARY-3.9.3\VS2010-BUILD\WIN32\DEBUG\ACTIVEMQ-CPP\OPENWIREFORMATFACTORY.OBJ
E:\WORKSPACE\ACTIVEMQ-CPP-LIBRARY-3.9.3\VS2010-BUILD\WIN32\DEBUG\ACTIVEMQ-CPP\OPENWIREFORMATNEGOTIATOR.OBJ
E:\WORKSPACE\ACTIVEMQ-CPP-LIBRARY-3.9.3\VS2010-BUILD\WIN32\DEBUG\ACTIVEMQ-CPP\OPENWIRERESPONSEBUILDER.OBJ
E:\WORKSPACE\ACTIVEMQ-CPP-LIBRARY-3.9.3\VS2010-BUILD\WIN32\DEBUG\ACTIVEMQ-CPP\OUTOFMEMORYERROR.OBJ
E:\WORKSPACE\ACTIVEMQ-CPP-LIBRARY-3.9.3\VS2010-BUILD\WIN32\DEBUG\ACTIVEMQ-CPP\OUTPUTSTREAM.OBJ
E:\WORKSPACE\ACTIVEMQ-CPP-LIBRARY-3.9.3\VS2010-BUILD\WIN32\DEBUG\ACTIVEMQ-CPP\OUTPUTSTREAMWRITER.OBJ
E:\WORKSPACE\ACTIVEMQ-CPP-LIBRARY-3.9.3\VS2010-BUILD\WIN32\DEBUG\ACTIVEMQ-CPP\PARTIALCOMMAND.OBJ
E:\WORKSPACE\ACTIVEMQ-CPP-LIBRARY-3.9.3\VS2010-BUILD\WIN32\DEBUG\ACTIVEMQ-CPP\PARTIALCOMMANDMARSHALLER.OBJ
E:\WORKSPACE\ACTIVEMQ-CPP-LIBRARY-3.9.3\VS2010-BUILD\WIN32\DEBUG\ACTIVEMQ-CPP\PLATFORMTHREAD.OBJ
E:\WORKSPACE\ACTIVEMQ-CPP-LIBRARY-3.9.3\VS2010-BUILD\WIN32\DEBUG\ACTIVEMQ-CPP\POOLEDSESSION.OBJ
E:\WORKSPACE\ACTIVEMQ-CPP-LIBRARY-3.9.3\VS2010-BUILD\WIN32\DEBUG\ACTIVEMQ-CPP\PORTUNREACHABLEEXCEPTION.OBJ
E:\WORKSPACE\ACTIVEMQ-CPP-LIBRARY-3.9.3\VS2010-BUILD\WIN32\DEBUG\ACTIVEMQ-CPP\PREFETCHPOLICY.OBJ
E:\WORKSPACE\ACTIVEMQ-CPP-LIBRARY-3.9.3\VS2010-BUILD\WIN32\DEBUG\ACTIVEMQ-CPP\PRIMITIVELIST.OBJ
E:\WORKSPACE\ACTIVEMQ-CPP-LIBRARY-3.9.3\VS2010-BUILD\WIN32\DEBUG\ACTIVEMQ-CPP\PRIMITIVEMAP.OBJ
E:\WORKSPACE\ACTIVEMQ-CPP-LIBRARY-3.9.3\VS2010-BUILD\WIN32\DEBUG\ACTIVEMQ-CPP\PRIMITIVETYPESMARSHALLER.OBJ
E:\WORKSPACE\ACTIVEMQ-CPP-LIBRARY-3.9.3\VS2010-BUILD\WIN32\DEBUG\ACTIVEMQ-CPP\PRIMITIVEVALUECONVERTER.OBJ
E:\WORKSPACE\ACTIVEMQ-CPP-LIBRARY-3.9.3\VS2010-BUILD\WIN32\DEBUG\ACTIVEMQ-CPP\PRIMITIVEVALUENODE.OBJ
E:\WORKSPACE\ACTIVEMQ-CPP-LIBRARY-3.9.3\VS2010-BUILD\WIN32\DEBUG\ACTIVEMQ-CPP\PRINCIPAL.OBJ
E:\WORKSPACE\ACTIVEMQ-CPP-LIBRARY-3.9.3\VS2010-BUILD\WIN32\DEBUG\ACTIVEMQ-CPP\PRIORITYQUEUE.OBJ
E:\WORKSPACE\ACTIVEMQ-CPP-LIBRARY-3.9.3\VS2010-BUILD\WIN32\DEBUG\ACTIVEMQ-CPP\PRODUCERACK.OBJ
E:\WORKSPACE\ACTIVEMQ-CPP-LIBRARY-3.9.3\VS2010-BUILD\WIN32\DEBUG\ACTIVEMQ-CPP\PRODUCERACKMARSHALLER.OBJ
E:\WORKSPACE\ACTIVEMQ-CPP-LIBRARY-3.9.3\VS2010-BUILD\WIN32\DEBUG\ACTIVEMQ-CPP\PRODUCERCALLBACK.OBJ
E:\WORKSPACE\ACTIVEMQ-CPP-LIBRARY-3.9.3\VS2010-BUILD\WIN32\DEBUG\ACTIVEMQ-CPP\PRODUCERID.OBJ
E:\WORKSPACE\ACTIVEMQ-CPP-LIBRARY-3.9.3\VS2010-BUILD\WIN32\DEBUG\ACTIVEMQ-CPP\PRODUCERIDMARSHALLER.OBJ
E:\WORKSPACE\ACTIVEMQ-CPP-LIBRARY-3.9.3\VS2010-BUILD\WIN32\DEBUG\ACTIVEMQ-CPP\PRODUCERINFO.OBJ
E:\WORKSPACE\ACTIVEMQ-CPP-LIBRARY-3.9.3\VS2010-BUILD\WIN32\DEBUG\ACTIVEMQ-CPP\PRODUCERINFOMARSHALLER.OBJ
E:\WORKSPACE\ACTIVEMQ-CPP-LIBRARY-3.9.3\VS2010-BUILD\WIN32\DEBUG\ACTIVEMQ-CPP\PRODUCERSTATE.OBJ
E:\WORKSPACE\ACTIVEMQ-CPP-LIBRARY-3.9.3\VS2010-BUILD\WIN32\DEBUG\ACTIVEMQ-CPP\PROPERTIES.OBJ
E:\WORKSPACE\ACTIVEMQ-CPP-LIBRARY-3.9.3\VS2010-BUILD\WIN32\DEBUG\ACTIVEMQ-CPP\PROTOCOLEXCEPTION.OBJ
E:\WORKSPACE\ACTIVEMQ-CPP-LIBRARY-3.9.3\VS2010-BUILD\WIN32\DEBUG\ACTIVEMQ-CPP\PROVIDER.OBJ
E:\WORKSPACE\ACTIVEMQ-CPP-LIBRARY-3.9.3\VS2010-BUILD\WIN32\DEBUG\ACTIVEMQ-CPP\PROVIDEREXCEPTION.OBJ
E:\WORKSPACE\ACTIVEMQ-CPP-LIBRARY-3.9.3\VS2010-BUILD\WIN32\DEBUG\ACTIVEMQ-CPP\PROVIDERSERVICE.OBJ
E:\WORKSPACE\ACTIVEMQ-CPP-LIBRARY-3.9.3\VS2010-BUILD\WIN32\DEBUG\ACTIVEMQ-CPP\PROXY.OBJ
E:\WORKSPACE\ACTIVEMQ-CPP-LIBRARY-3.9.3\VS2010-BUILD\WIN32\DEBUG\ACTIVEMQ-CPP\PUBLICKEY.OBJ
E:\WORKSPACE\ACTIVEMQ-CPP-LIBRARY-3.9.3\VS2010-BUILD\WIN32\DEBUG\ACTIVEMQ-CPP\PUSHBACKINPUTSTREAM.OBJ
E:\WORKSPACE\ACTIVEMQ-CPP-LIBRARY-3.9.3\VS2010-BUILD\WIN32\DEBUG\ACTIVEMQ-CPP\QUEUE.OBJ
E:\WORKSPACE\ACTIVEMQ-CPP-LIBRARY-3.9.3\VS2010-BUILD\WIN32\DEBUG\ACTIVEMQ-CPP\QUEUEBROWSERCMS.OBJ
E:\WORKSPACE\ACTIVEMQ-CPP-LIBRARY-3.9.3\VS2010-BUILD\WIN32\DEBUG\ACTIVEMQ-CPP\QUEUECMS.OBJ
E:\WORKSPACE\ACTIVEMQ-CPP-LIBRARY-3.9.3\VS2010-BUILD\WIN32\DEBUG\ACTIVEMQ-CPP\RANDOM.OBJ
E:\WORKSPACE\ACTIVEMQ-CPP-LIBRARY-3.9.3\VS2010-BUILD\WIN32\DEBUG\ACTIVEMQ-CPP\READABLE.OBJ
E:\WORKSPACE\ACTIVEMQ-CPP-LIBRARY-3.9.3\VS2010-BUILD\WIN32\DEBUG\ACTIVEMQ-CPP\READCHECKER.OBJ
E:\WORKSPACE\ACTIVEMQ-CPP-LIBRARY-3.9.3\VS2010-BUILD\WIN32\DEBUG\ACTIVEMQ-CPP\READER.OBJ
E:\WORKSPACE\ACTIVEMQ-CPP-LIBRARY-3.9.3\VS2010-BUILD\WIN32\DEBUG\ACTIVEMQ-CPP\READONLYBUFFEREXCEPTION.OBJ
E:\WORKSPACE\ACTIVEMQ-CPP-LIBRARY-3.9.3\VS2010-BUILD\WIN32\DEBUG\ACTIVEMQ-CPP\READWRITELOCK.OBJ
E:\WORKSPACE\ACTIVEMQ-CPP-LIBRARY-3.9.3\VS2010-BUILD\WIN32\DEBUG\ACTIVEMQ-CPP\REDELIVERYPOLICY.OBJ
E:\WORKSPACE\ACTIVEMQ-CPP-LIBRARY-3.9.3\VS2010-BUILD\WIN32\DEBUG\ACTIVEMQ-CPP\REENTRANTLOCK.OBJ
E:\WORKSPACE\ACTIVEMQ-CPP-LIBRARY-3.9.3\VS2010-BUILD\WIN32\DEBUG\ACTIVEMQ-CPP\REENTRANTREADWRITELOCK.OBJ
E:\WORKSPACE\ACTIVEMQ-CPP-LIBRARY-3.9.3\VS2010-BUILD\WIN32\DEBUG\ACTIVEMQ-CPP\REJECTEDEXECUTIONEXCEPTION.OBJ
E:\WORKSPACE\ACTIVEMQ-CPP-LIBRARY-3.9.3\VS2010-BUILD\WIN32\DEBUG\ACTIVEMQ-CPP\REJECTEDEXECUTIONHANDLER.OBJ
E:\WORKSPACE\ACTIVEMQ-CPP-LIBRARY-3.9.3\VS2010-BUILD\WIN32\DEBUG\ACTIVEMQ-CPP\REMOVEINFO.OBJ
E:\WORKSPACE\ACTIVEMQ-CPP-LIBRARY-3.9.3\VS2010-BUILD\WIN32\DEBUG\ACTIVEMQ-CPP\REMOVEINFOMARSHALLER.OBJ
E:\WORKSPACE\ACTIVEMQ-CPP-LIBRARY-3.9.3\VS2010-BUILD\WIN32\DEBUG\ACTIVEMQ-CPP\REMOVESUBSCRIPTIONINFO.OBJ
E:\WORKSPACE\ACTIVEMQ-CPP-LIBRARY-3.9.3\VS2010-BUILD\WIN32\DEBUG\ACTIVEMQ-CPP\REMOVESUBSCRIPTIONINFOMARSHALLER.OBJ
E:\WORKSPACE\ACTIVEMQ-CPP-LIBRARY-3.9.3\VS2010-BUILD\WIN32\DEBUG\ACTIVEMQ-CPP\REPLAYCOMMAND.OBJ
E:\WORKSPACE\ACTIVEMQ-CPP-LIBRARY-3.9.3\VS2010-BUILD\WIN32\DEBUG\ACTIVEMQ-CPP\REPLAYCOMMANDMARSHALLER.OBJ
E:\WORKSPACE\ACTIVEMQ-CPP-LIBRARY-3.9.3\VS2010-BUILD\WIN32\DEBUG\ACTIVEMQ-CPP\RESOURCE.OBJ
E:\WORKSPACE\ACTIVEMQ-CPP-LIBRARY-3.9.3\VS2010-BUILD\WIN32\DEBUG\ACTIVEMQ-CPP\RESOURCEALLOCATIONEXCEPTIONCMS.OBJ
E:\WORKSPACE\ACTIVEMQ-CPP-LIBRARY-3.9.3\VS2010-BUILD\WIN32\DEBUG\ACTIVEMQ-CPP\RESOURCELIFECYCLEMANAGER.OBJ
E:\WORKSPACE\ACTIVEMQ-CPP-LIBRARY-3.9.3\VS2010-BUILD\WIN32\DEBUG\ACTIVEMQ-CPP\RESOURCELIFECYCLEMANAGERCMS.OBJ
E:\WORKSPACE\ACTIVEMQ-CPP-LIBRARY-3.9.3\VS2010-BUILD\WIN32\DEBUG\ACTIVEMQ-CPP\RESPONSE.OBJ
E:\WORKSPACE\ACTIVEMQ-CPP-LIBRARY-3.9.3\VS2010-BUILD\WIN32\DEBUG\ACTIVEMQ-CPP\RESPONSEBUILDER.OBJ
E:\WORKSPACE\ACTIVEMQ-CPP-LIBRARY-3.9.3\VS2010-BUILD\WIN32\DEBUG\ACTIVEMQ-CPP\RESPONSECALLBACK.OBJ
E:\WORKSPACE\ACTIVEMQ-CPP-LIBRARY-3.9.3\VS2010-BUILD\WIN32\DEBUG\ACTIVEMQ-CPP\RESPONSECORRELATOR.OBJ
E:\WORKSPACE\ACTIVEMQ-CPP-LIBRARY-3.9.3\VS2010-BUILD\WIN32\DEBUG\ACTIVEMQ-CPP\RESPONSEMARSHALLER.OBJ
E:\WORKSPACE\ACTIVEMQ-CPP-LIBRARY-3.9.3\VS2010-BUILD\WIN32\DEBUG\ACTIVEMQ-CPP\RUNNABLE.OBJ
E:\WORKSPACE\ACTIVEMQ-CPP-LIBRARY-3.9.3\VS2010-BUILD\WIN32\DEBUG\ACTIVEMQ-CPP\RUNNABLEFUTURE.OBJ
E:\WORKSPACE\ACTIVEMQ-CPP-LIBRARY-3.9.3\VS2010-BUILD\WIN32\DEBUG\ACTIVEMQ-CPP\RUNTIME.OBJ
E:\WORKSPACE\ACTIVEMQ-CPP-LIBRARY-3.9.3\VS2010-BUILD\WIN32\DEBUG\ACTIVEMQ-CPP\RUNTIMEEXCEPTION.OBJ
E:\WORKSPACE\ACTIVEMQ-CPP-LIBRARY-3.9.3\VS2010-BUILD\WIN32\DEBUG\ACTIVEMQ-CPP\SCHEDULER.OBJ
E:\WORKSPACE\ACTIVEMQ-CPP-LIBRARY-3.9.3\VS2010-BUILD\WIN32\DEBUG\ACTIVEMQ-CPP\SCHEDULERTIMERTASK.OBJ
E:\WORKSPACE\ACTIVEMQ-CPP-LIBRARY-3.9.3\VS2010-BUILD\WIN32\DEBUG\ACTIVEMQ-CPP\SECURERANDOM.OBJ
E:\WORKSPACE\ACTIVEMQ-CPP-LIBRARY-3.9.3\VS2010-BUILD\WIN32\DEBUG\ACTIVEMQ-CPP\SECURERANDOMIMPL.OBJ
E:\WORKSPACE\ACTIVEMQ-CPP-LIBRARY-3.9.3\VS2010-BUILD\WIN32\DEBUG\ACTIVEMQ-CPP\SECURERANDOMSPI.OBJ
E:\WORKSPACE\ACTIVEMQ-CPP-LIBRARY-3.9.3\VS2010-BUILD\WIN32\DEBUG\ACTIVEMQ-CPP\SECURITY.OBJ
E:\WORKSPACE\ACTIVEMQ-CPP-LIBRARY-3.9.3\VS2010-BUILD\WIN32\DEBUG\ACTIVEMQ-CPP\SECURITYEXCEPTION.OBJ
E:\WORKSPACE\ACTIVEMQ-CPP-LIBRARY-3.9.3\VS2010-BUILD\WIN32\DEBUG\ACTIVEMQ-CPP\SECURITYRUNTIME.OBJ
E:\WORKSPACE\ACTIVEMQ-CPP-LIBRARY-3.9.3\VS2010-BUILD\WIN32\DEBUG\ACTIVEMQ-CPP\SECURITYSPI.OBJ
E:\WORKSPACE\ACTIVEMQ-CPP-LIBRARY-3.9.3\VS2010-BUILD\WIN32\DEBUG\ACTIVEMQ-CPP\SEMAPHORE.OBJ
E:\WORKSPACE\ACTIVEMQ-CPP-LIBRARY-3.9.3\VS2010-BUILD\WIN32\DEBUG\ACTIVEMQ-CPP\SERVERSOCKET.OBJ
E:\WORKSPACE\ACTIVEMQ-CPP-LIBRARY-3.9.3\VS2010-BUILD\WIN32\DEBUG\ACTIVEMQ-CPP\SERVERSOCKETFACTORY.OBJ
E:\WORKSPACE\ACTIVEMQ-CPP-LIBRARY-3.9.3\VS2010-BUILD\WIN32\DEBUG\ACTIVEMQ-CPP\SERVICE.OBJ
E:\WORKSPACE\ACTIVEMQ-CPP-LIBRARY-3.9.3\VS2010-BUILD\WIN32\DEBUG\ACTIVEMQ-CPP\SERVICELISTENER.OBJ
E:\WORKSPACE\ACTIVEMQ-CPP-LIBRARY-3.9.3\VS2010-BUILD\WIN32\DEBUG\ACTIVEMQ-CPP\SERVICEREGISTRY.OBJ
E:\WORKSPACE\ACTIVEMQ-CPP-LIBRARY-3.9.3\VS2010-BUILD\WIN32\DEBUG\ACTIVEMQ-CPP\SERVICESTOPPER.OBJ
E:\WORKSPACE\ACTIVEMQ-CPP-LIBRARY-3.9.3\VS2010-BUILD\WIN32\DEBUG\ACTIVEMQ-CPP\SERVICESUPPORT.OBJ
E:\WORKSPACE\ACTIVEMQ-CPP-LIBRARY-3.9.3\VS2010-BUILD\WIN32\DEBUG\ACTIVEMQ-CPP\SESSIONCALLBACK.OBJ
E:\WORKSPACE\ACTIVEMQ-CPP-LIBRARY-3.9.3\VS2010-BUILD\WIN32\DEBUG\ACTIVEMQ-CPP\SESSIONCMS.OBJ
E:\WORKSPACE\ACTIVEMQ-CPP-LIBRARY-3.9.3\VS2010-BUILD\WIN32\DEBUG\ACTIVEMQ-CPP\SESSIONID.OBJ
E:\WORKSPACE\ACTIVEMQ-CPP-LIBRARY-3.9.3\VS2010-BUILD\WIN32\DEBUG\ACTIVEMQ-CPP\SESSIONIDMARSHALLER.OBJ
E:\WORKSPACE\ACTIVEMQ-CPP-LIBRARY-3.9.3\VS2010-BUILD\WIN32\DEBUG\ACTIVEMQ-CPP\SESSIONINFO.OBJ
E:\WORKSPACE\ACTIVEMQ-CPP-LIBRARY-3.9.3\VS2010-BUILD\WIN32\DEBUG\ACTIVEMQ-CPP\SESSIONINFOMARSHALLER.OBJ
E:\WORKSPACE\ACTIVEMQ-CPP-LIBRARY-3.9.3\VS2010-BUILD\WIN32\DEBUG\ACTIVEMQ-CPP\SESSIONPOOL.OBJ
E:\WORKSPACE\ACTIVEMQ-CPP-LIBRARY-3.9.3\VS2010-BUILD\WIN32\DEBUG\ACTIVEMQ-CPP\SESSIONSTATE.OBJ
E:\WORKSPACE\ACTIVEMQ-CPP-LIBRARY-3.9.3\VS2010-BUILD\WIN32\DEBUG\ACTIVEMQ-CPP\SET.OBJ
E:\WORKSPACE\ACTIVEMQ-CPP-LIBRARY-3.9.3\VS2010-BUILD\WIN32\DEBUG\ACTIVEMQ-CPP\SHA1MESSAGEDIGESTSPI.OBJ
E:\WORKSPACE\ACTIVEMQ-CPP-LIBRARY-3.9.3\VS2010-BUILD\WIN32\DEBUG\ACTIVEMQ-CPP\SHORT.OBJ
E:\WORKSPACE\ACTIVEMQ-CPP-LIBRARY-3.9.3\VS2010-BUILD\WIN32\DEBUG\ACTIVEMQ-CPP\SHORTARRAYBUFFER.OBJ
E:\WORKSPACE\ACTIVEMQ-CPP-LIBRARY-3.9.3\VS2010-BUILD\WIN32\DEBUG\ACTIVEMQ-CPP\SHORTBUFFER.OBJ
E:\WORKSPACE\ACTIVEMQ-CPP-LIBRARY-3.9.3\VS2010-BUILD\WIN32\DEBUG\ACTIVEMQ-CPP\SHUTDOWNINFO.OBJ
E:\WORKSPACE\ACTIVEMQ-CPP-LIBRARY-3.9.3\VS2010-BUILD\WIN32\DEBUG\ACTIVEMQ-CPP\SHUTDOWNINFOMARSHALLER.OBJ
E:\WORKSPACE\ACTIVEMQ-CPP-LIBRARY-3.9.3\VS2010-BUILD\WIN32\DEBUG\ACTIVEMQ-CPP\SIGNATUREEXCEPTION.OBJ
E:\WORKSPACE\ACTIVEMQ-CPP-LIBRARY-3.9.3\VS2010-BUILD\WIN32\DEBUG\ACTIVEMQ-CPP\SIMPLEFORMATTER.OBJ
E:\WORKSPACE\ACTIVEMQ-CPP-LIBRARY-3.9.3\VS2010-BUILD\WIN32\DEBUG\ACTIVEMQ-CPP\SIMPLELOGGER.OBJ
E:\WORKSPACE\ACTIVEMQ-CPP-LIBRARY-3.9.3\VS2010-BUILD\WIN32\DEBUG\ACTIVEMQ-CPP\SIMPLEPRIORITYMESSAGEDISPATCHCHANNEL.OBJ
E:\WORKSPACE\ACTIVEMQ-CPP-LIBRARY-3.9.3\VS2010-BUILD\WIN32\DEBUG\ACTIVEMQ-CPP\SOCKET.OBJ
E:\WORKSPACE\ACTIVEMQ-CPP-LIBRARY-3.9.3\VS2010-BUILD\WIN32\DEBUG\ACTIVEMQ-CPP\SOCKETADDRESS.OBJ
E:\WORKSPACE\ACTIVEMQ-CPP-LIBRARY-3.9.3\VS2010-BUILD\WIN32\DEBUG\ACTIVEMQ-CPP\SOCKETERROR.OBJ
E:\WORKSPACE\ACTIVEMQ-CPP-LIBRARY-3.9.3\VS2010-BUILD\WIN32\DEBUG\ACTIVEMQ-CPP\SOCKETEXCEPTION.OBJ
E:\WORKSPACE\ACTIVEMQ-CPP-LIBRARY-3.9.3\VS2010-BUILD\WIN32\DEBUG\ACTIVEMQ-CPP\SOCKETFACTORY.OBJ
E:\WORKSPACE\ACTIVEMQ-CPP-LIBRARY-3.9.3\VS2010-BUILD\WIN32\DEBUG\ACTIVEMQ-CPP\SOCKETFILEDESCRIPTOR.OBJ
E:\WORKSPACE\ACTIVEMQ-CPP-LIBRARY-3.9.3\VS2010-BUILD\WIN32\DEBUG\ACTIVEMQ-CPP\SOCKETIMPL.OBJ
E:\WORKSPACE\ACTIVEMQ-CPP-LIBRARY-3.9.3\VS2010-BUILD\WIN32\DEBUG\ACTIVEMQ-CPP\SOCKETIMPLFACTORY.OBJ
E:\WORKSPACE\ACTIVEMQ-CPP-LIBRARY-3.9.3\VS2010-BUILD\WIN32\DEBUG\ACTIVEMQ-CPP\SOCKETOPTIONS.OBJ
E:\WORKSPACE\ACTIVEMQ-CPP-LIBRARY-3.9.3\VS2010-BUILD\WIN32\DEBUG\ACTIVEMQ-CPP\SOCKETTIMEOUTEXCEPTION.OBJ
E:\WORKSPACE\ACTIVEMQ-CPP-LIBRARY-3.9.3\VS2010-BUILD\WIN32\DEBUG\ACTIVEMQ-CPP\SSLCONTEXT.OBJ
E:\WORKSPACE\ACTIVEMQ-CPP-LIBRARY-3.9.3\VS2010-BUILD\WIN32\DEBUG\ACTIVEMQ-CPP\SSLCONTEXTSPI.OBJ
E:\WORKSPACE\ACTIVEMQ-CPP-LIBRARY-3.9.3\VS2010-BUILD\WIN32\DEBUG\ACTIVEMQ-CPP\SSLPARAMETERS.OBJ
E:\WORKSPACE\ACTIVEMQ-CPP-LIBRARY-3.9.3\VS2010-BUILD\WIN32\DEBUG\ACTIVEMQ-CPP\SSLSERVERSOCKET.OBJ
E:\WORKSPACE\ACTIVEMQ-CPP-LIBRARY-3.9.3\VS2010-BUILD\WIN32\DEBUG\ACTIVEMQ-CPP\SSLSERVERSOCKETFACTORY.OBJ
E:\WORKSPACE\ACTIVEMQ-CPP-LIBRARY-3.9.3\VS2010-BUILD\WIN32\DEBUG\ACTIVEMQ-CPP\SSLSOCKET.OBJ
E:\WORKSPACE\ACTIVEMQ-CPP-LIBRARY-3.9.3\VS2010-BUILD\WIN32\DEBUG\ACTIVEMQ-CPP\SSLSOCKETFACTORY.OBJ
E:\WORKSPACE\ACTIVEMQ-CPP-LIBRARY-3.9.3\VS2010-BUILD\WIN32\DEBUG\ACTIVEMQ-CPP\SSLTRANSPORT.OBJ
E:\WORKSPACE\ACTIVEMQ-CPP-LIBRARY-3.9.3\VS2010-BUILD\WIN32\DEBUG\ACTIVEMQ-CPP\SSLTRANSPORTFACTORY.OBJ
E:\WORKSPACE\ACTIVEMQ-CPP-LIBRARY-3.9.3\VS2010-BUILD\WIN32\DEBUG\ACTIVEMQ-CPP\STANDARDERROROUTPUTSTREAM.OBJ
E:\WORKSPACE\ACTIVEMQ-CPP-LIBRARY-3.9.3\VS2010-BUILD\WIN32\DEBUG\ACTIVEMQ-CPP\STANDARDINPUTSTREAM.OBJ
E:\WORKSPACE\ACTIVEMQ-CPP-LIBRARY-3.9.3\VS2010-BUILD\WIN32\DEBUG\ACTIVEMQ-CPP\STANDARDOUTPUTSTREAM.OBJ
E:\WORKSPACE\ACTIVEMQ-CPP-LIBRARY-3.9.3\VS2010-BUILD\WIN32\DEBUG\ACTIVEMQ-CPP\STARTABLECMS.OBJ
E:\WORKSPACE\ACTIVEMQ-CPP-LIBRARY-3.9.3\VS2010-BUILD\WIN32\DEBUG\ACTIVEMQ-CPP\STLLIST.OBJ
E:\WORKSPACE\ACTIVEMQ-CPP-LIBRARY-3.9.3\VS2010-BUILD\WIN32\DEBUG\ACTIVEMQ-CPP\STLMAP.OBJ
E:\WORKSPACE\ACTIVEMQ-CPP-LIBRARY-3.9.3\VS2010-BUILD\WIN32\DEBUG\ACTIVEMQ-CPP\STLQUEUE.OBJ
E:\WORKSPACE\ACTIVEMQ-CPP-LIBRARY-3.9.3\VS2010-BUILD\WIN32\DEBUG\ACTIVEMQ-CPP\STLSET.OBJ
E:\WORKSPACE\ACTIVEMQ-CPP-LIBRARY-3.9.3\VS2010-BUILD\WIN32\DEBUG\ACTIVEMQ-CPP\STOMPCOMMANDCONSTANTS.OBJ
E:\WORKSPACE\ACTIVEMQ-CPP-LIBRARY-3.9.3\VS2010-BUILD\WIN32\DEBUG\ACTIVEMQ-CPP\STOMPFRAME.OBJ
E:\WORKSPACE\ACTIVEMQ-CPP-LIBRARY-3.9.3\VS2010-BUILD\WIN32\DEBUG\ACTIVEMQ-CPP\STOMPHELPER.OBJ
E:\WORKSPACE\ACTIVEMQ-CPP-LIBRARY-3.9.3\VS2010-BUILD\WIN32\DEBUG\ACTIVEMQ-CPP\STOMPWIREFORMAT.OBJ
E:\WORKSPACE\ACTIVEMQ-CPP-LIBRARY-3.9.3\VS2010-BUILD\WIN32\DEBUG\ACTIVEMQ-CPP\STOMPWIREFORMATFACTORY.OBJ
E:\WORKSPACE\ACTIVEMQ-CPP-LIBRARY-3.9.3\VS2010-BUILD\WIN32\DEBUG\ACTIVEMQ-CPP\STOPPABLECMS.OBJ
E:\WORKSPACE\ACTIVEMQ-CPP-LIBRARY-3.9.3\VS2010-BUILD\WIN32\DEBUG\ACTIVEMQ-CPP\STREAMHANDLER.OBJ
E:\WORKSPACE\ACTIVEMQ-CPP-LIBRARY-3.9.3\VS2010-BUILD\WIN32\DEBUG\ACTIVEMQ-CPP\STREAMMESSAGECMS.OBJ
E:\WORKSPACE\ACTIVEMQ-CPP-LIBRARY-3.9.3\VS2010-BUILD\WIN32\DEBUG\ACTIVEMQ-CPP\STRING.OBJ
E:\WORKSPACE\ACTIVEMQ-CPP-LIBRARY-3.9.3\VS2010-BUILD\WIN32\DEBUG\ACTIVEMQ-CPP\STRINGBUFFER.OBJ
E:\WORKSPACE\ACTIVEMQ-CPP-LIBRARY-3.9.3\VS2010-BUILD\WIN32\DEBUG\ACTIVEMQ-CPP\STRINGBUILDER.OBJ
E:\WORKSPACE\ACTIVEMQ-CPP-LIBRARY-3.9.3\VS2010-BUILD\WIN32\DEBUG\ACTIVEMQ-CPP\STRINGINDEXOUTOFBOUNDSEXCEPTION.OBJ
E:\WORKSPACE\ACTIVEMQ-CPP-LIBRARY-3.9.3\VS2010-BUILD\WIN32\DEBUG\ACTIVEMQ-CPP\STRINGTOKENIZER.OBJ
E:\WORKSPACE\ACTIVEMQ-CPP-LIBRARY-3.9.3\VS2010-BUILD\WIN32\DEBUG\ACTIVEMQ-CPP\STRINGUTILS.OBJ
E:\WORKSPACE\ACTIVEMQ-CPP-LIBRARY-3.9.3\VS2010-BUILD\WIN32\DEBUG\ACTIVEMQ-CPP\SUBSCRIPTIONINFO.OBJ
E:\WORKSPACE\ACTIVEMQ-CPP-LIBRARY-3.9.3\VS2010-BUILD\WIN32\DEBUG\ACTIVEMQ-CPP\SUBSCRIPTIONINFOMARSHALLER.OBJ
E:\WORKSPACE\ACTIVEMQ-CPP-LIBRARY-3.9.3\VS2010-BUILD\WIN32\DEBUG\ACTIVEMQ-CPP\SYNCHRONIZABLE.OBJ
E:\WORKSPACE\ACTIVEMQ-CPP-LIBRARY-3.9.3\VS2010-BUILD\WIN32\DEBUG\ACTIVEMQ-CPP\SYNCHRONIZABLEIMPL.OBJ
E:\WORKSPACE\ACTIVEMQ-CPP-LIBRARY-3.9.3\VS2010-BUILD\WIN32\DEBUG\ACTIVEMQ-CPP\SYNCHRONIZATION.OBJ
E:\WORKSPACE\ACTIVEMQ-CPP-LIBRARY-3.9.3\VS2010-BUILD\WIN32\DEBUG\ACTIVEMQ-CPP\SYNCHRONOUSQUEUE.OBJ
E:\WORKSPACE\ACTIVEMQ-CPP-LIBRARY-3.9.3\VS2010-BUILD\WIN32\DEBUG\ACTIVEMQ-CPP\SYSTEM.OBJ
E:\WORKSPACE\ACTIVEMQ-CPP-LIBRARY-3.9.3\VS2010-BUILD\WIN32\DEBUG\ACTIVEMQ-CPP\TASK.OBJ
E:\WORKSPACE\ACTIVEMQ-CPP-LIBRARY-3.9.3\VS2010-BUILD\WIN32\DEBUG\ACTIVEMQ-CPP\TASKRUNNER.OBJ
E:\WORKSPACE\ACTIVEMQ-CPP-LIBRARY-3.9.3\VS2010-BUILD\WIN32\DEBUG\ACTIVEMQ-CPP\TCPSOCKET.OBJ
E:\WORKSPACE\ACTIVEMQ-CPP-LIBRARY-3.9.3\VS2010-BUILD\WIN32\DEBUG\ACTIVEMQ-CPP\TCPSOCKETINPUTSTREAM.OBJ
E:\WORKSPACE\ACTIVEMQ-CPP-LIBRARY-3.9.3\VS2010-BUILD\WIN32\DEBUG\ACTIVEMQ-CPP\TCPSOCKETOUTPUTSTREAM.OBJ
E:\WORKSPACE\ACTIVEMQ-CPP-LIBRARY-3.9.3\VS2010-BUILD\WIN32\DEBUG\ACTIVEMQ-CPP\TCPTRANSPORT.OBJ
E:\WORKSPACE\ACTIVEMQ-CPP-LIBRARY-3.9.3\VS2010-BUILD\WIN32\DEBUG\ACTIVEMQ-CPP\TCPTRANSPORTFACTORY.OBJ
E:\WORKSPACE\ACTIVEMQ-CPP-LIBRARY-3.9.3\VS2010-BUILD\WIN32\DEBUG\ACTIVEMQ-CPP\TEMPORARYQUEUECMS.OBJ
E:\WORKSPACE\ACTIVEMQ-CPP-LIBRARY-3.9.3\VS2010-BUILD\WIN32\DEBUG\ACTIVEMQ-CPP\TEMPORARYTOPICCMS.OBJ
E:\WORKSPACE\ACTIVEMQ-CPP-LIBRARY-3.9.3\VS2010-BUILD\WIN32\DEBUG\ACTIVEMQ-CPP\TEXTMESSAGECMS.OBJ
E:\WORKSPACE\ACTIVEMQ-CPP-LIBRARY-3.9.3\VS2010-BUILD\WIN32\DEBUG\ACTIVEMQ-CPP\THREAD.OBJ
E:\WORKSPACE\ACTIVEMQ-CPP-LIBRARY-3.9.3\VS2010-BUILD\WIN32\DEBUG\ACTIVEMQ-CPP\THREADFACTORY.OBJ
E:\WORKSPACE\ACTIVEMQ-CPP-LIBRARY-3.9.3\VS2010-BUILD\WIN32\DEBUG\ACTIVEMQ-CPP\THREADGROUP.OBJ
E:\WORKSPACE\ACTIVEMQ-CPP-LIBRARY-3.9.3\VS2010-BUILD\WIN32\DEBUG\ACTIVEMQ-CPP\THREADING.OBJ
E:\WORKSPACE\ACTIVEMQ-CPP-LIBRARY-3.9.3\VS2010-BUILD\WIN32\DEBUG\ACTIVEMQ-CPP\THREADLOCAL.OBJ
E:\WORKSPACE\ACTIVEMQ-CPP-LIBRARY-3.9.3\VS2010-BUILD\WIN32\DEBUG\ACTIVEMQ-CPP\THREADLOCALIMPL.OBJ
E:\WORKSPACE\ACTIVEMQ-CPP-LIBRARY-3.9.3\VS2010-BUILD\WIN32\DEBUG\ACTIVEMQ-CPP\THREADPOOLEXECUTOR.OBJ
E:\WORKSPACE\ACTIVEMQ-CPP-LIBRARY-3.9.3\VS2010-BUILD\WIN32\DEBUG\ACTIVEMQ-CPP\THROWABLE.OBJ
E:\WORKSPACE\ACTIVEMQ-CPP-LIBRARY-3.9.3\VS2010-BUILD\WIN32\DEBUG\ACTIVEMQ-CPP\TIMEOUTEXCEPTION.OBJ
E:\WORKSPACE\ACTIVEMQ-CPP-LIBRARY-3.9.3\VS2010-BUILD\WIN32\DEBUG\ACTIVEMQ-CPP\TIMER.OBJ
E:\WORKSPACE\ACTIVEMQ-CPP-LIBRARY-3.9.3\VS2010-BUILD\WIN32\DEBUG\ACTIVEMQ-CPP\TIMERTASK.OBJ
E:\WORKSPACE\ACTIVEMQ-CPP-LIBRARY-3.9.3\VS2010-BUILD\WIN32\DEBUG\ACTIVEMQ-CPP\TIMERTASKHEAP.OBJ
E:\WORKSPACE\ACTIVEMQ-CPP-LIBRARY-3.9.3\VS2010-BUILD\WIN32\DEBUG\ACTIVEMQ-CPP\TIMEUNIT.OBJ
E:\WORKSPACE\ACTIVEMQ-CPP-LIBRARY-3.9.3\VS2010-BUILD\WIN32\DEBUG\ACTIVEMQ-CPP\TOPICCMS.OBJ
E:\WORKSPACE\ACTIVEMQ-CPP-LIBRARY-3.9.3\VS2010-BUILD\WIN32\DEBUG\ACTIVEMQ-CPP\TRACKED.OBJ
E:\WORKSPACE\ACTIVEMQ-CPP-LIBRARY-3.9.3\VS2010-BUILD\WIN32\DEBUG\ACTIVEMQ-CPP\TRANSACTIONID.OBJ
E:\WORKSPACE\ACTIVEMQ-CPP-LIBRARY-3.9.3\VS2010-BUILD\WIN32\DEBUG\ACTIVEMQ-CPP\TRANSACTIONIDMARSHALLER.OBJ
E:\WORKSPACE\ACTIVEMQ-CPP-LIBRARY-3.9.3\VS2010-BUILD\WIN32\DEBUG\ACTIVEMQ-CPP\TRANSACTIONINFO.OBJ
E:\WORKSPACE\ACTIVEMQ-CPP-LIBRARY-3.9.3\VS2010-BUILD\WIN32\DEBUG\ACTIVEMQ-CPP\TRANSACTIONINFOMARSHALLER.OBJ
E:\WORKSPACE\ACTIVEMQ-CPP-LIBRARY-3.9.3\VS2010-BUILD\WIN32\DEBUG\ACTIVEMQ-CPP\TRANSACTIONINPROGRESSEXCEPTIONCMS.OBJ
E:\WORKSPACE\ACTIVEMQ-CPP-LIBRARY-3.9.3\VS2010-BUILD\WIN32\DEBUG\ACTIVEMQ-CPP\TRANSACTIONROLLEDBACKEXCEPTIONCMS.OBJ
E:\WORKSPACE\ACTIVEMQ-CPP-LIBRARY-3.9.3\VS2010-BUILD\WIN32\DEBUG\ACTIVEMQ-CPP\TRANSACTIONSTATE.OBJ
E:\WORKSPACE\ACTIVEMQ-CPP-LIBRARY-3.9.3\VS2010-BUILD\WIN32\DEBUG\ACTIVEMQ-CPP\TRANSPORT.OBJ
E:\WORKSPACE\ACTIVEMQ-CPP-LIBRARY-3.9.3\VS2010-BUILD\WIN32\DEBUG\ACTIVEMQ-CPP\TRANSPORTFILTER.OBJ
E:\WORKSPACE\ACTIVEMQ-CPP-LIBRARY-3.9.3\VS2010-BUILD\WIN32\DEBUG\ACTIVEMQ-CPP\TRANSPORTREGISTRY.OBJ
E:\WORKSPACE\ACTIVEMQ-CPP-LIBRARY-3.9.3\VS2010-BUILD\WIN32\DEBUG\ACTIVEMQ-CPP\TREES.OBJ
E:\WORKSPACE\ACTIVEMQ-CPP-LIBRARY-3.9.3\VS2010-BUILD\WIN32\DEBUG\ACTIVEMQ-CPP\TYPES.OBJ
E:\WORKSPACE\ACTIVEMQ-CPP-LIBRARY-3.9.3\VS2010-BUILD\WIN32\DEBUG\ACTIVEMQ-CPP\UNCOMPR.OBJ
E:\WORKSPACE\ACTIVEMQ-CPP-LIBRARY-3.9.3\VS2010-BUILD\WIN32\DEBUG\ACTIVEMQ-CPP\UNKNOWNHOSTEXCEPTION.OBJ
E:\WORKSPACE\ACTIVEMQ-CPP-LIBRARY-3.9.3\VS2010-BUILD\WIN32\DEBUG\ACTIVEMQ-CPP\UNKNOWNSERVICEEXCEPTION.OBJ
E:\WORKSPACE\ACTIVEMQ-CPP-LIBRARY-3.9.3\VS2010-BUILD\WIN32\DEBUG\ACTIVEMQ-CPP\UNSUPPORTEDENCODINGEXCEPTION.OBJ
E:\WORKSPACE\ACTIVEMQ-CPP-LIBRARY-3.9.3\VS2010-BUILD\WIN32\DEBUG\ACTIVEMQ-CPP\UNSUPPORTEDOPERATIONEXCEPTION.OBJ
E:\WORKSPACE\ACTIVEMQ-CPP-LIBRARY-3.9.3\VS2010-BUILD\WIN32\DEBUG\ACTIVEMQ-CPP\UNSUPPORTEDOPERATIONEXCEPTIONCMS.OBJ
E:\WORKSPACE\ACTIVEMQ-CPP-LIBRARY-3.9.3\VS2010-BUILD\WIN32\DEBUG\ACTIVEMQ-CPP\URI.OBJ
E:\WORKSPACE\ACTIVEMQ-CPP-LIBRARY-3.9.3\VS2010-BUILD\WIN32\DEBUG\ACTIVEMQ-CPP\URIENCODERDECODER.OBJ
E:\WORKSPACE\ACTIVEMQ-CPP-LIBRARY-3.9.3\VS2010-BUILD\WIN32\DEBUG\ACTIVEMQ-CPP\URIHELPER.OBJ
E:\WORKSPACE\ACTIVEMQ-CPP-LIBRARY-3.9.3\VS2010-BUILD\WIN32\DEBUG\ACTIVEMQ-CPP\URIPOOL.OBJ
E:\WORKSPACE\ACTIVEMQ-CPP-LIBRARY-3.9.3\VS2010-BUILD\WIN32\DEBUG\ACTIVEMQ-CPP\URISUPPORT.OBJ
E:\WORKSPACE\ACTIVEMQ-CPP-LIBRARY-3.9.3\VS2010-BUILD\WIN32\DEBUG\ACTIVEMQ-CPP\URISYNTAXEXCEPTION.OBJ
E:\WORKSPACE\ACTIVEMQ-CPP-LIBRARY-3.9.3\VS2010-BUILD\WIN32\DEBUG\ACTIVEMQ-CPP\URITYPE.OBJ
E:\WORKSPACE\ACTIVEMQ-CPP-LIBRARY-3.9.3\VS2010-BUILD\WIN32\DEBUG\ACTIVEMQ-CPP\URL.OBJ
E:\WORKSPACE\ACTIVEMQ-CPP-LIBRARY-3.9.3\VS2010-BUILD\WIN32\DEBUG\ACTIVEMQ-CPP\URLCONNECTION.OBJ
E:\WORKSPACE\ACTIVEMQ-CPP-LIBRARY-3.9.3\VS2010-BUILD\WIN32\DEBUG\ACTIVEMQ-CPP\URLDECODER.OBJ
E:\WORKSPACE\ACTIVEMQ-CPP-LIBRARY-3.9.3\VS2010-BUILD\WIN32\DEBUG\ACTIVEMQ-CPP\URLENCODER.OBJ
E:\WORKSPACE\ACTIVEMQ-CPP-LIBRARY-3.9.3\VS2010-BUILD\WIN32\DEBUG\ACTIVEMQ-CPP\URLSTREAMHANDLER.OBJ
E:\WORKSPACE\ACTIVEMQ-CPP-LIBRARY-3.9.3\VS2010-BUILD\WIN32\DEBUG\ACTIVEMQ-CPP\URLSTREAMHANDLERFACTORY.OBJ
E:\WORKSPACE\ACTIVEMQ-CPP-LIBRARY-3.9.3\VS2010-BUILD\WIN32\DEBUG\ACTIVEMQ-CPP\URLSTREAMHANDLERMANAGER.OBJ
E:\WORKSPACE\ACTIVEMQ-CPP-LIBRARY-3.9.3\VS2010-BUILD\WIN32\DEBUG\ACTIVEMQ-CPP\URLTYPE.OBJ
E:\WORKSPACE\ACTIVEMQ-CPP-LIBRARY-3.9.3\VS2010-BUILD\WIN32\DEBUG\ACTIVEMQ-CPP\URLUTILS.OBJ
E:\WORKSPACE\ACTIVEMQ-CPP-LIBRARY-3.9.3\VS2010-BUILD\WIN32\DEBUG\ACTIVEMQ-CPP\USAGE.OBJ
E:\WORKSPACE\ACTIVEMQ-CPP-LIBRARY-3.9.3\VS2010-BUILD\WIN32\DEBUG\ACTIVEMQ-CPP\UTFDATAFORMATEXCEPTION.OBJ
E:\WORKSPACE\ACTIVEMQ-CPP-LIBRARY-3.9.3\VS2010-BUILD\WIN32\DEBUG\ACTIVEMQ-CPP\UUID.OBJ
E:\workspace\activemq-cpp-library-3.9.3\vs2010-build\Win32\Debug\activemq-cpp\vc100.idb
E:\WORKSPACE\ACTIVEMQ-CPP-LIBRARY-3.9.3\VS2010-BUILD\WIN32\DEBUG\ACTIVEMQ-CPP\VC100.PDB
E:\WORKSPACE\ACTIVEMQ-CPP-LIBRARY-3.9.3\VS2010-BUILD\WIN32\DEBUG\ACTIVEMQ-CPP\WIREFORMAT.OBJ
E:\WORKSPACE\ACTIVEMQ-CPP-LIBRARY-3.9.3\VS2010-BUILD\WIN32\DEBUG\ACTIVEMQ-CPP\WIREFORMATFACTORY.OBJ
E:\WORKSPACE\ACTIVEMQ-CPP-LIBRARY-3.9.3\VS2010-BUILD\WIN32\DEBUG\ACTIVEMQ-CPP\WIREFORMATINFO.OBJ
E:\WORKSPACE\ACTIVEMQ-CPP-LIBRARY-3.9.3\VS2010-BUILD\WIN32\DEBUG\ACTIVEMQ-CPP\WIREFORMATINFOMARSHALLER.OBJ
E:\WORKSPACE\ACTIVEMQ-CPP-LIBRARY-3.9.3\VS2010-BUILD\WIN32\DEBUG\ACTIVEMQ-CPP\WIREFORMATNEGOTIATOR.OBJ
E:\WORKSPACE\ACTIVEMQ-CPP-LIBRARY-3.9.3\VS2010-BUILD\WIN32\DEBUG\ACTIVEMQ-CPP\WIREFORMATREGISTRY.OBJ
E:\WORKSPACE\ACTIVEMQ-CPP-LIBRARY-3.9.3\VS2010-BUILD\WIN32\DEBUG\ACTIVEMQ-CPP\WRITECHECKER.OBJ
E:\WORKSPACE\ACTIVEMQ-CPP-LIBRARY-3.9.3\VS2010-BUILD\WIN32\DEBUG\ACTIVEMQ-CPP\WRITER.OBJ
E:\WORKSPACE\ACTIVEMQ-CPP-LIBRARY-3.9.3\VS2010-BUILD\WIN32\DEBUG\ACTIVEMQ-CPP\X500PRINCIPAL.OBJ
E:\WORKSPACE\ACTIVEMQ-CPP-LIBRARY-3.9.3\VS2010-BUILD\WIN32\DEBUG\ACTIVEMQ-CPP\X509CERTIFICATE.OBJ
E:\WORKSPACE\ACTIVEMQ-CPP-LIBRARY-3.9.3\VS2010-BUILD\WIN32\DEBUG\ACTIVEMQ-CPP\XACONNECTIONCMS.OBJ
E:\WORKSPACE\ACTIVEMQ-CPP-LIBRARY-3.9.3\VS2010-BUILD\WIN32\DEBUG\ACTIVEMQ-CPP\XACONNECTIONFACTORYCMS.OBJ
E:\WORKSPACE\ACTIVEMQ-CPP-LIBRARY-3.9.3\VS2010-BUILD\WIN32\DEBUG\ACTIVEMQ-CPP\XAEXCEPTIONCMS.OBJ
E:\WORKSPACE\ACTIVEMQ-CPP-LIBRARY-3.9.3\VS2010-BUILD\WIN32\DEBUG\ACTIVEMQ-CPP\XARESOURCECMS.OBJ
E:\WORKSPACE\ACTIVEMQ-CPP-LIBRARY-3.9.3\VS2010-BUILD\WIN32\DEBUG\ACTIVEMQ-CPP\XASESSIONCMS.OBJ
E:\WORKSPACE\ACTIVEMQ-CPP-LIBRARY-3.9.3\VS2010-BUILD\WIN32\DEBUG\ACTIVEMQ-CPP\XATRANSACTIONID.OBJ
E:\WORKSPACE\ACTIVEMQ-CPP-LIBRARY-3.9.3\VS2010-BUILD\WIN32\DEBUG\ACTIVEMQ-CPP\XATRANSACTIONIDMARSHALLER.OBJ
E:\WORKSPACE\ACTIVEMQ-CPP-LIBRARY-3.9.3\VS2010-BUILD\WIN32\DEBUG\ACTIVEMQ-CPP\XIDCMS.OBJ
E:\WORKSPACE\ACTIVEMQ-CPP-LIBRARY-3.9.3\VS2010-BUILD\WIN32\DEBUG\ACTIVEMQ-CPP\XMLFORMATTER.OBJ
E:\WORKSPACE\ACTIVEMQ-CPP-LIBRARY-3.9.3\VS2010-BUILD\WIN32\DEBUG\ACTIVEMQ-CPP\ZIPEXCEPTION.OBJ
E:\WORKSPACE\ACTIVEMQ-CPP-LIBRARY-3.9.3\VS2010-BUILD\WIN32\DEBUG\ACTIVEMQ-CPP\ZUTIL.OBJ
E:\WORKSPACE\ACTIVEMQ-CPP-LIBRARY-3.9.3\VS2010-BUILD\WIN32\DEBUG\LIBACTIVEMQ-CPP.LIB
